{"C:\\Users\\hazal\\Desktop\\lint-element\\lint-element\\src\\app.ts":{"path":"C:\\Users\\hazal\\Desktop\\lint-element\\lint-element\\src\\app.ts","statementMap":{"0":{"start":{"line":1,"column":17},"end":{"line":6,"column":1}},"1":{"start":{"line":2,"column":12},"end":{"line":2,"column":28}},"2":{"start":{"line":2,"column":34},"end":{"line":2,"column":125}},"3":{"start":{"line":3,"column":4},"end":{"line":4,"column":150}},"4":{"start":{"line":3,"column":79},"end":{"line":3,"column":131}},"5":{"start":{"line":4,"column":9},"end":{"line":4,"column":150}},"6":{"start":{"line":4,"column":22},"end":{"line":4,"column":43}},"7":{"start":{"line":4,"column":58},"end":{"line":4,"column":150}},"8":{"start":{"line":4,"column":81},"end":{"line":4,"column":150}},"9":{"start":{"line":5,"column":4},"end":{"line":5,"column":66}},"10":{"start":{"line":16,"column":10},"end":{"line":37,"column":1}},"11":{"start":{"line":18,"column":23},"end":{"line":18,"column":76}},"12":{"start":{"line":19,"column":8},"end":{"line":24,"column":11}},"13":{"start":{"line":26,"column":21},"end":{"line":26,"column":58}},"14":{"start":{"line":27,"column":8},"end":{"line":27,"column":24}},"15":{"start":{"line":30,"column":8},"end":{"line":35,"column":6}},"16":{"start":{"line":38,"column":0},"end":{"line":59,"column":4}},"17":{"start":{"line":60,"column":0},"end":{"line":62,"column":8}}},"fnMap":{"0":{"name":"(anonymous_0)","decl":{"start":{"line":1,"column":46},"end":{"line":1,"column":47}},"loc":{"start":{"line":1,"column":87},"end":{"line":6,"column":1}},"line":1},"1":{"name":"(anonymous_1)","decl":{"start":{"line":17,"column":4},"end":{"line":17,"column":5}},"loc":{"start":{"line":17,"column":19},"end":{"line":28,"column":5}},"line":17},"2":{"name":"(anonymous_2)","decl":{"start":{"line":29,"column":4},"end":{"line":29,"column":5}},"loc":{"start":{"line":29,"column":13},"end":{"line":36,"column":5}},"line":29}},"branchMap":{"0":{"loc":{"start":{"line":1,"column":17},"end":{"line":6,"column":1}},"type":"binary-expr","locations":[{"start":{"line":1,"column":18},"end":{"line":1,"column":22}},{"start":{"line":1,"column":26},"end":{"line":1,"column":41}},{"start":{"line":1,"column":46},"end":{"line":6,"column":1}}],"line":1},"1":{"loc":{"start":{"line":2,"column":34},"end":{"line":2,"column":125}},"type":"cond-expr","locations":[{"start":{"line":2,"column":42},"end":{"line":2,"column":48}},{"start":{"line":2,"column":51},"end":{"line":2,"column":125}}],"line":2},"2":{"loc":{"start":{"line":2,"column":51},"end":{"line":2,"column":125}},"type":"cond-expr","locations":[{"start":{"line":2,"column":67},"end":{"line":2,"column":118}},{"start":{"line":2,"column":121},"end":{"line":2,"column":125}}],"line":2},"3":{"loc":{"start":{"line":3,"column":4},"end":{"line":4,"column":150}},"type":"if","locations":[{"start":{"line":3,"column":4},"end":{"line":4,"column":150}},{"start":{"line":4,"column":9},"end":{"line":4,"column":150}}],"line":3},"4":{"loc":{"start":{"line":3,"column":8},"end":{"line":3,"column":77}},"type":"binary-expr","locations":[{"start":{"line":3,"column":8},"end":{"line":3,"column":35}},{"start":{"line":3,"column":39},"end":{"line":3,"column":77}}],"line":3},"5":{"loc":{"start":{"line":4,"column":58},"end":{"line":4,"column":150}},"type":"if","locations":[{"start":{"line":4,"column":58},"end":{"line":4,"column":150}},{"start":{},"end":{}}],"line":4},"6":{"loc":{"start":{"line":4,"column":85},"end":{"line":4,"column":149}},"type":"binary-expr","locations":[{"start":{"line":4,"column":86},"end":{"line":4,"column":143}},{"start":{"line":4,"column":148},"end":{"line":4,"column":149}}],"line":4},"7":{"loc":{"start":{"line":4,"column":86},"end":{"line":4,"column":143}},"type":"cond-expr","locations":[{"start":{"line":4,"column":94},"end":{"line":4,"column":98}},{"start":{"line":4,"column":101},"end":{"line":4,"column":143}}],"line":4},"8":{"loc":{"start":{"line":4,"column":101},"end":{"line":4,"column":143}},"type":"cond-expr","locations":[{"start":{"line":4,"column":109},"end":{"line":4,"column":126}},{"start":{"line":4,"column":129},"end":{"line":4,"column":143}}],"line":4},"9":{"loc":{"start":{"line":5,"column":11},"end":{"line":5,"column":62}},"type":"binary-expr","locations":[{"start":{"line":5,"column":11},"end":{"line":5,"column":16}},{"start":{"line":5,"column":20},"end":{"line":5,"column":21}},{"start":{"line":5,"column":25},"end":{"line":5,"column":62}}],"line":5},"10":{"loc":{"start":{"line":26,"column":21},"end":{"line":26,"column":58}},"type":"binary-expr","locations":[{"start":{"line":26,"column":21},"end":{"line":26,"column":50}},{"start":{"line":26,"column":54},"end":{"line":26,"column":58}}],"line":26}},"s":{"0":0,"1":0,"2":0,"3":0,"4":0,"5":0,"6":0,"7":0,"8":0,"9":0,"10":0,"11":0,"12":0,"13":0,"14":0,"15":0,"16":0,"17":0},"f":{"0":0,"1":0,"2":0},"b":{"0":[0,0,0],"1":[0,0],"2":[0,0],"3":[0,0],"4":[0,0],"5":[0,0],"6":[0,0],"7":[0,0],"8":[0,0],"9":[0,0,0],"10":[0,0]},"inputSourceMap":{"version":3,"file":"C:/Users/hazal/Desktop/lint-element/lint-element/src/app.ts","sources":["C:/Users/hazal/Desktop/lint-element/lint-element/src/app.ts"],"names":[],"mappings":";;;;;;AAAA,OAAO,EAAE,UAAU,EAAE,IAAI,EAAE,GAAG,EAAE,MAAM,KAAK,CAAC;AAC5C,OAAO,EAAE,aAAa,EAAE,MAAM,mBAAmB,CAAC;AAClD,OAAO,EAAE,MAAM,EAAE,MAAM,gBAAgB,CAAC;AACxC,OAAO,EAAE,SAAS,EAAE,MAAM,uBAAuB,CAAC;AAElD,aAAa;AACb,OAAO,gCAAgC,CAAC;AACxC,OAAO,0CAA0C,CAAC;AAClD,OAAO,0CAA0C,CAAC;AAClD,OAAO,wCAAwC,CAAC;AAGzC,IAAM,GAAG,GAAT,MAAM,GAAI,SAAQ,UAAU;IAwBxB,YAAY;QACnB,MAAM,MAAM,GAAG,IAAI,MAAM,CAAC,IAAI,CAAC,UAAU,EAAE,aAAa,CAAC,SAAS,CAAC,CAAC,CAAC;QAErE,MAAM,CAAC,SAAS,CAAC;YACf,EAAE,IAAI,EAAE,GAAG,EAAE,QAAQ,EAAE,YAAY,EAAE;YACrC,EAAE,IAAI,EAAE,YAAY,EAAE,SAAS,EAAE,eAAe,EAAE;YAClD,EAAE,IAAI,EAAE,gBAAgB,EAAE,SAAS,EAAE,eAAe,EAAE;YACtD,EAAE,IAAI,EAAE,qBAAqB,EAAE,SAAS,EAAE,eAAe,EAAE;SAC5D,CAAC,CAAC;QAEH,gDAAgD;QAChD,MAAM,IAAI,GAAG,QAAQ,CAAC,eAAe,CAAC,IAAmB,IAAI,IAAI,CAAC;QAClE,SAAS,CAAC,IAAI,CAAC,CAAC;IAClB,CAAC;IAEQ,MAAM;QACb,OAAO,IAAI,CAAA;;;;;KAKV,CAAC;IACJ,CAAC;;AA7Ce,UAAM,GAAG,GAAG,CAAA;;;;;;;;;;;;;;;;;;;;;GAqB3B,AArBqB,CAqBpB;AAtBS,GAAG;IADf,aAAa,CAAC,UAAU,CAAC;GACb,GAAG,CA+Cf","sourcesContent":["import { LitElement, html, css } from 'lit';\nimport { customElement } from 'lit/decorators.js';\nimport { Router } from '@vaadin/router';\nimport { setLocale } from './config/localization';\n\n// Components\nimport './components/nav-menu/nav-menu';\nimport './components/employee-list/employee-list';\nimport './components/employee-form/employee-form';\nimport './components/delete-modal/delete-modal';\n\n@customElement('app-root')\nexport class App extends LitElement {\n  static override styles = css`\n    :host {\n      display: block;\n      min-height: 100vh;\n      --primary-color: #E86F37;\n      --secondary-color: #F5F5F5;\n      --text-color: #333333;\n      --border-color: #DDDDDD;\n    }\n\n    main {\n      padding: 20px;\n      max-width: 1200px;\n      margin: 0 auto;\n    }\n\n    @media (max-width: 768px) {\n      main {\n        padding: 10px;\n      }\n    }\n  `;\n\n  override firstUpdated() {\n    const router = new Router(this.renderRoot?.querySelector('#outlet'));\n    \n    router.setRoutes([\n      { path: '/', redirect: '/employees' },\n      { path: '/employees', component: 'employee-list' },\n      { path: '/employees/add', component: 'employee-form' },\n      { path: '/employees/edit/:id', component: 'employee-form' }\n    ]);\n\n    // Set initial language from HTML lang attribute\n    const lang = document.documentElement.lang as 'en' | 'tr' || 'en';\n    setLocale(lang);\n  }\n\n  override render() {\n    return html`\n      <nav-menu></nav-menu>\n      <main>\n        <div id=\"outlet\"></div>\n      </main>\n    `;\n  }\n} "]},"all":true},"C:\\Users\\hazal\\Desktop\\lint-element\\lint-element\\src\\components\\base-element.ts":{"path":"C:\\Users\\hazal\\Desktop\\lint-element\\lint-element\\src\\components\\base-element.ts","statementMap":{"0":{"start":{"line":4,"column":8},"end":{"line":4,"column":28}},"1":{"start":{"line":5,"column":8},"end":{"line":5,"column":63}},"2":{"start":{"line":5,"column":42},"end":{"line":5,"column":62}},"3":{"start":{"line":8,"column":8},"end":{"line":8,"column":34}},"4":{"start":{"line":9,"column":8},"end":{"line":9,"column":79}},"5":{"start":{"line":12,"column":8},"end":{"line":12,"column":37}},"6":{"start":{"line":13,"column":8},"end":{"line":13,"column":82}}},"fnMap":{"0":{"name":"(anonymous_0)","decl":{"start":{"line":3,"column":4},"end":{"line":3,"column":5}},"loc":{"start":{"line":3,"column":18},"end":{"line":6,"column":5}},"line":3},"1":{"name":"(anonymous_1)","decl":{"start":{"line":5,"column":36},"end":{"line":5,"column":37}},"loc":{"start":{"line":5,"column":42},"end":{"line":5,"column":62}},"line":5},"2":{"name":"(anonymous_2)","decl":{"start":{"line":7,"column":4},"end":{"line":7,"column":5}},"loc":{"start":{"line":7,"column":24},"end":{"line":10,"column":5}},"line":7},"3":{"name":"(anonymous_3)","decl":{"start":{"line":11,"column":4},"end":{"line":11,"column":5}},"loc":{"start":{"line":11,"column":27},"end":{"line":14,"column":5}},"line":11}},"branchMap":{},"s":{"0":0,"1":0,"2":0,"3":0,"4":0,"5":0,"6":0},"f":{"0":0,"1":0,"2":0,"3":0},"b":{},"inputSourceMap":{"version":3,"file":"C:/Users/hazal/Desktop/lint-element/lint-element/src/components/base-element.ts","sources":["C:/Users/hazal/Desktop/lint-element/lint-element/src/components/base-element.ts"],"names":[],"mappings":"AAAA,OAAO,EAAE,UAAU,EAAE,MAAM,KAAK,CAAC;AAEjC,MAAM,OAAO,WAAY,SAAQ,UAAU;IAA3C;;QACmB,yBAAoB,GAAG,GAAG,EAAE,CAAC,IAAI,CAAC,aAAa,EAAE,CAAC;IAWrE,CAAC;IATU,iBAAiB;QACxB,KAAK,CAAC,iBAAiB,EAAE,CAAC;QAC1B,MAAM,CAAC,gBAAgB,CAAC,kBAAkB,EAAE,IAAI,CAAC,oBAAoB,CAAC,CAAC;IACzE,CAAC;IAEQ,oBAAoB;QAC3B,KAAK,CAAC,oBAAoB,EAAE,CAAC;QAC7B,MAAM,CAAC,mBAAmB,CAAC,kBAAkB,EAAE,IAAI,CAAC,oBAAoB,CAAC,CAAC;IAC5E,CAAC;CACF","sourcesContent":["import { LitElement } from 'lit';\n\nexport class BaseElement extends LitElement {\n  private readonly handleLanguageChange = () => this.requestUpdate();\n\n  override connectedCallback() {\n    super.connectedCallback();\n    window.addEventListener('language-changed', this.handleLanguageChange);\n  }\n\n  override disconnectedCallback() {\n    super.disconnectedCallback();\n    window.removeEventListener('language-changed', this.handleLanguageChange);\n  }\n} "]},"all":true},"C:\\Users\\hazal\\Desktop\\lint-element\\lint-element\\src\\components\\delete-modal\\delete-modal.ts":{"path":"C:\\Users\\hazal\\Desktop\\lint-element\\lint-element\\src\\components\\delete-modal\\delete-modal.ts","statementMap":{"0":{"start":{"line":1,"column":17},"end":{"line":6,"column":1}},"1":{"start":{"line":2,"column":12},"end":{"line":2,"column":28}},"2":{"start":{"line":2,"column":34},"end":{"line":2,"column":125}},"3":{"start":{"line":3,"column":4},"end":{"line":4,"column":150}},"4":{"start":{"line":3,"column":79},"end":{"line":3,"column":131}},"5":{"start":{"line":4,"column":9},"end":{"line":4,"column":150}},"6":{"start":{"line":4,"column":22},"end":{"line":4,"column":43}},"7":{"start":{"line":4,"column":58},"end":{"line":4,"column":150}},"8":{"start":{"line":4,"column":81},"end":{"line":4,"column":150}},"9":{"start":{"line":5,"column":4},"end":{"line":5,"column":66}},"10":{"start":{"line":10,"column":18},"end":{"line":36,"column":1}},"11":{"start":{"line":12,"column":8},"end":{"line":12,"column":28}},"12":{"start":{"line":13,"column":8},"end":{"line":13,"column":35}},"13":{"start":{"line":14,"column":8},"end":{"line":14,"column":34}},"14":{"start":{"line":17,"column":8},"end":{"line":34,"column":6}},"15":{"start":{"line":19,"column":43},"end":{"line":19,"column":62}},"16":{"start":{"line":37,"column":0},"end":{"line":92,"column":4}},"17":{"start":{"line":93,"column":0},"end":{"line":95,"column":47}},"18":{"start":{"line":96,"column":0},"end":{"line":98,"column":46}},"19":{"start":{"line":99,"column":0},"end":{"line":102,"column":16}}},"fnMap":{"0":{"name":"(anonymous_0)","decl":{"start":{"line":1,"column":46},"end":{"line":1,"column":47}},"loc":{"start":{"line":1,"column":87},"end":{"line":6,"column":1}},"line":1},"1":{"name":"(anonymous_1)","decl":{"start":{"line":11,"column":4},"end":{"line":11,"column":5}},"loc":{"start":{"line":11,"column":18},"end":{"line":15,"column":5}},"line":11},"2":{"name":"(anonymous_2)","decl":{"start":{"line":13,"column":25},"end":{"line":13,"column":26}},"loc":{"start":{"line":13,"column":31},"end":{"line":13,"column":34}},"line":13},"3":{"name":"(anonymous_3)","decl":{"start":{"line":14,"column":24},"end":{"line":14,"column":25}},"loc":{"start":{"line":14,"column":30},"end":{"line":14,"column":33}},"line":14},"4":{"name":"(anonymous_4)","decl":{"start":{"line":16,"column":4},"end":{"line":16,"column":5}},"loc":{"start":{"line":16,"column":13},"end":{"line":35,"column":5}},"line":16},"5":{"name":"(anonymous_5)","decl":{"start":{"line":19,"column":36},"end":{"line":19,"column":37}},"loc":{"start":{"line":19,"column":43},"end":{"line":19,"column":62}},"line":19}},"branchMap":{"0":{"loc":{"start":{"line":1,"column":17},"end":{"line":6,"column":1}},"type":"binary-expr","locations":[{"start":{"line":1,"column":18},"end":{"line":1,"column":22}},{"start":{"line":1,"column":26},"end":{"line":1,"column":41}},{"start":{"line":1,"column":46},"end":{"line":6,"column":1}}],"line":1},"1":{"loc":{"start":{"line":2,"column":34},"end":{"line":2,"column":125}},"type":"cond-expr","locations":[{"start":{"line":2,"column":42},"end":{"line":2,"column":48}},{"start":{"line":2,"column":51},"end":{"line":2,"column":125}}],"line":2},"2":{"loc":{"start":{"line":2,"column":51},"end":{"line":2,"column":125}},"type":"cond-expr","locations":[{"start":{"line":2,"column":67},"end":{"line":2,"column":118}},{"start":{"line":2,"column":121},"end":{"line":2,"column":125}}],"line":2},"3":{"loc":{"start":{"line":3,"column":4},"end":{"line":4,"column":150}},"type":"if","locations":[{"start":{"line":3,"column":4},"end":{"line":4,"column":150}},{"start":{"line":4,"column":9},"end":{"line":4,"column":150}}],"line":3},"4":{"loc":{"start":{"line":3,"column":8},"end":{"line":3,"column":77}},"type":"binary-expr","locations":[{"start":{"line":3,"column":8},"end":{"line":3,"column":35}},{"start":{"line":3,"column":39},"end":{"line":3,"column":77}}],"line":3},"5":{"loc":{"start":{"line":4,"column":58},"end":{"line":4,"column":150}},"type":"if","locations":[{"start":{"line":4,"column":58},"end":{"line":4,"column":150}},{"start":{},"end":{}}],"line":4},"6":{"loc":{"start":{"line":4,"column":85},"end":{"line":4,"column":149}},"type":"binary-expr","locations":[{"start":{"line":4,"column":86},"end":{"line":4,"column":143}},{"start":{"line":4,"column":148},"end":{"line":4,"column":149}}],"line":4},"7":{"loc":{"start":{"line":4,"column":86},"end":{"line":4,"column":143}},"type":"cond-expr","locations":[{"start":{"line":4,"column":94},"end":{"line":4,"column":98}},{"start":{"line":4,"column":101},"end":{"line":4,"column":143}}],"line":4},"8":{"loc":{"start":{"line":4,"column":101},"end":{"line":4,"column":143}},"type":"cond-expr","locations":[{"start":{"line":4,"column":109},"end":{"line":4,"column":126}},{"start":{"line":4,"column":129},"end":{"line":4,"column":143}}],"line":4},"9":{"loc":{"start":{"line":5,"column":11},"end":{"line":5,"column":62}},"type":"binary-expr","locations":[{"start":{"line":5,"column":11},"end":{"line":5,"column":16}},{"start":{"line":5,"column":20},"end":{"line":5,"column":21}},{"start":{"line":5,"column":25},"end":{"line":5,"column":62}}],"line":5}},"s":{"0":0,"1":0,"2":0,"3":0,"4":0,"5":0,"6":0,"7":0,"8":0,"9":0,"10":0,"11":0,"12":0,"13":0,"14":0,"15":0,"16":0,"17":0,"18":0,"19":0},"f":{"0":0,"1":0,"2":0,"3":0,"4":0,"5":0},"b":{"0":[0,0,0],"1":[0,0],"2":[0,0],"3":[0,0],"4":[0,0],"5":[0,0],"6":[0,0],"7":[0,0],"8":[0,0],"9":[0,0,0]},"inputSourceMap":{"version":3,"file":"C:/Users/hazal/Desktop/lint-element/lint-element/src/components/delete-modal/delete-modal.ts","sources":["C:/Users/hazal/Desktop/lint-element/lint-element/src/components/delete-modal/delete-modal.ts"],"names":[],"mappings":";;;;;;AAAA,OAAO,EAAE,UAAU,EAAE,IAAI,EAAE,GAAG,EAAE,MAAM,KAAK,CAAC;AAC5C,OAAO,EAAE,aAAa,EAAE,QAAQ,EAAE,MAAM,mBAAmB,CAAC;AAC5D,OAAO,EAAE,SAAS,EAAE,GAAG,EAAE,MAAM,eAAe,CAAC;AAGxC,IAAM,WAAW,GAAjB,MAAM,WAAY,SAAQ,UAAU;IAApC;;QACO,cAAS,GAAG,GAAG,EAAE,GAAE,CAAC,CAAC;QACrB,aAAQ,GAAG,GAAG,EAAE,GAAE,CAAC,CAAC;IA+ElC,CAAC;IApBU,MAAM;QACb,OAAO,IAAI,CAAA;2CAC4B,IAAI,CAAC,QAAQ;oCACpB,CAAC,CAAQ,EAAE,EAAE,CAAC,CAAC,CAAC,eAAe,EAAE;oCACjC,GAAG,CAAC,eAAe,CAAC;;cAE1C,GAAG,CAAC,+BAA+B,CAAC;;;gDAGF,IAAI,CAAC,QAAQ;gBAC7C,GAAG,CAAC,QAAQ,CAAC;;iDAEoB,IAAI,CAAC,SAAS;gBAC/C,GAAG,CAAC,SAAS,CAAC;;;;;KAKzB,CAAC;IACJ,CAAC;;AA5Ee,kBAAM,GAAG,GAAG,CAAA;;;;;;;;;;;;;;;;;;;;;;;;;;;;;;;;;;;;;;;;;;;;;;;;;;;;;;;GAuD3B,AAvDqB,CAuDpB;AA1DU;IAAX,QAAQ,EAAE;8CAAsB;AACrB;IAAX,QAAQ,EAAE;6CAAqB;AAFrB,WAAW;IAFvB,SAAS,EAAE;IACX,aAAa,CAAC,cAAc,CAAC;GACjB,WAAW,CAiFvB","sourcesContent":["import { LitElement, html, css } from \"lit\";\nimport { customElement, property } from \"lit/decorators.js\";\nimport { localized, msg } from \"@lit/localize\";\n@localized()\n@customElement(\"delete-modal\")\nexport class DeleteModal extends LitElement {\n  @property() onConfirm = () => {};\n  @property() onCancel = () => {};\n\n  static override styles = css`\n    .modal-backdrop {\n      position: fixed;\n      top: 0;\n      left: 0;\n      width: 100%;\n      height: 100%;\n      background: rgba(0, 0, 0, 0.5);\n      display: flex;\n      justify-content: center;\n      align-items: center;\n      z-index: 1000;\n    }\n\n    .modal {\n      background: white;\n      padding: 2rem;\n      border-radius: 8px;\n      max-width: 400px;\n      width: 90%;\n    }\n\n    .modal-title {\n      font-size: 1.5rem;\n      margin-bottom: 1rem;\n      color: var(--text-color);\n    }\n\n    .modal-content {\n      margin-bottom: 1.5rem;\n      color: var(--text-color);\n    }\n\n    .modal-actions {\n      display: flex;\n      justify-content: flex-end;\n      gap: 1rem;\n    }\n\n    button {\n      padding: 0.5rem 1rem;\n      border-radius: 4px;\n      cursor: pointer;\n      border: none;\n    }\n\n    .confirm-btn {\n      background: var(--primary-color);\n      color: white;\n    }\n\n    .cancel-btn {\n      background: var(--secondary-color);\n      color: var(--text-color);\n    }\n  `;\n\n  override render() {\n    return html`\n      <div class=\"modal-backdrop\" @click=${this.onCancel}>\n        <div class=\"modal\" @click=${(e: Event) => e.stopPropagation()}>\n          <h2 class=\"modal-title\">${msg(\"Are you sure?\")}</h2>\n          <div class=\"modal-content\">\n            ${msg(\"This action cannot be undone.\")}\n          </div>\n          <div class=\"modal-actions\">\n            <button class=\"cancel-btn\" @click=${this.onCancel}>\n              ${msg(\"Cancel\")}\n            </button>\n            <button class=\"confirm-btn\" @click=${this.onConfirm}>\n              ${msg(\"Proceed\")}\n            </button>\n          </div>\n        </div>\n      </div>\n    `;\n  }\n}\n"]},"all":true},"C:\\Users\\hazal\\Desktop\\lint-element\\lint-element\\src\\components\\employee-form\\employee-form.ts":{"path":"C:\\Users\\hazal\\Desktop\\lint-element\\lint-element\\src\\components\\employee-form\\employee-form.ts","statementMap":{"0":{"start":{"line":1,"column":17},"end":{"line":6,"column":1}},"1":{"start":{"line":2,"column":12},"end":{"line":2,"column":28}},"2":{"start":{"line":2,"column":34},"end":{"line":2,"column":125}},"3":{"start":{"line":3,"column":4},"end":{"line":4,"column":150}},"4":{"start":{"line":3,"column":79},"end":{"line":3,"column":131}},"5":{"start":{"line":4,"column":9},"end":{"line":4,"column":150}},"6":{"start":{"line":4,"column":22},"end":{"line":4,"column":43}},"7":{"start":{"line":4,"column":58},"end":{"line":4,"column":150}},"8":{"start":{"line":4,"column":81},"end":{"line":4,"column":150}},"9":{"start":{"line":5,"column":4},"end":{"line":5,"column":66}},"10":{"start":{"line":16,"column":19},"end":{"line":282,"column":1}},"11":{"start":{"line":18,"column":8},"end":{"line":18,"column":28}},"12":{"start":{"line":19,"column":8},"end":{"line":19,"column":29}},"13":{"start":{"line":20,"column":8},"end":{"line":29,"column":10}},"14":{"start":{"line":30,"column":8},"end":{"line":30,"column":25}},"15":{"start":{"line":31,"column":8},"end":{"line":31,"column":28}},"16":{"start":{"line":34,"column":8},"end":{"line":34,"column":34}},"17":{"start":{"line":36,"column":21},"end":{"line":36,"column":45}},"18":{"start":{"line":37,"column":24},"end":{"line":37,"column":61}},"19":{"start":{"line":38,"column":8},"end":{"line":49,"column":9}},"20":{"start":{"line":39,"column":12},"end":{"line":39,"column":41}},"21":{"start":{"line":40,"column":12},"end":{"line":40,"column":31}},"22":{"start":{"line":42,"column":36},"end":{"line":44,"column":68}},"23":{"start":{"line":44,"column":41},"end":{"line":44,"column":67}},"24":{"start":{"line":45,"column":12},"end":{"line":48,"column":13}},"25":{"start":{"line":46,"column":16},"end":{"line":46,"column":55}},"26":{"start":{"line":47,"column":16},"end":{"line":47,"column":37}},"27":{"start":{"line":51,"column":8},"end":{"line":61,"column":11}},"28":{"start":{"line":52,"column":12},"end":{"line":60,"column":13}},"29":{"start":{"line":53,"column":40},"end":{"line":55,"column":72}},"30":{"start":{"line":55,"column":45},"end":{"line":55,"column":71}},"31":{"start":{"line":56,"column":16},"end":{"line":59,"column":17}},"32":{"start":{"line":57,"column":20},"end":{"line":57,"column":59}},"33":{"start":{"line":58,"column":20},"end":{"line":58,"column":41}},"34":{"start":{"line":64,"column":8},"end":{"line":64,"column":37}},"35":{"start":{"line":65,"column":8},"end":{"line":67,"column":9}},"36":{"start":{"line":66,"column":12},"end":{"line":66,"column":31}},"37":{"start":{"line":70,"column":26},"end":{"line":70,"column":41}},"38":{"start":{"line":71,"column":8},"end":{"line":98,"column":9}},"39":{"start":{"line":73,"column":16},"end":{"line":73,"column":73}},"40":{"start":{"line":74,"column":16},"end":{"line":74,"column":22}},"41":{"start":{"line":76,"column":16},"end":{"line":76,"column":87}},"42":{"start":{"line":77,"column":16},"end":{"line":77,"column":22}},"43":{"start":{"line":79,"column":16},"end":{"line":79,"column":56}},"44":{"start":{"line":80,"column":16},"end":{"line":80,"column":22}},"45":{"start":{"line":82,"column":16},"end":{"line":82,"column":55}},"46":{"start":{"line":83,"column":16},"end":{"line":83,"column":22}},"47":{"start":{"line":85,"column":16},"end":{"line":87,"column":55}},"48":{"start":{"line":88,"column":16},"end":{"line":88,"column":22}},"49":{"start":{"line":90,"column":16},"end":{"line":90,"column":88}},"50":{"start":{"line":91,"column":16},"end":{"line":91,"column":22}},"51":{"start":{"line":93,"column":16},"end":{"line":93,"column":56}},"52":{"start":{"line":94,"column":16},"end":{"line":94,"column":22}},"53":{"start":{"line":96,"column":16},"end":{"line":96,"column":54}},"54":{"start":{"line":97,"column":16},"end":{"line":97,"column":22}},"55":{"start":{"line":100,"column":8},"end":{"line":100,"column":75}},"56":{"start":{"line":100,"column":52},"end":{"line":100,"column":73}},"57":{"start":{"line":102,"column":8},"end":{"line":104,"column":9}},"58":{"start":{"line":103,"column":12},"end":{"line":103,"column":69}},"59":{"start":{"line":107,"column":22},"end":{"line":107,"column":30}},"60":{"start":{"line":108,"column":20},"end":{"line":108,"column":31}},"61":{"start":{"line":109,"column":8},"end":{"line":111,"column":9}},"62":{"start":{"line":110,"column":12},"end":{"line":110,"column":45}},"63":{"start":{"line":112,"column":8},"end":{"line":115,"column":10}},"64":{"start":{"line":117,"column":8},"end":{"line":117,"column":41}},"65":{"start":{"line":120,"column":8},"end":{"line":120,"column":27}},"66":{"start":{"line":121,"column":26},"end":{"line":121,"column":41}},"67":{"start":{"line":123,"column":8},"end":{"line":135,"column":68}},"68":{"start":{"line":136,"column":8},"end":{"line":136,"column":44}},"69":{"start":{"line":137,"column":8},"end":{"line":139,"column":9}},"70":{"start":{"line":138,"column":12},"end":{"line":138,"column":19}},"71":{"start":{"line":140,"column":8},"end":{"line":148,"column":9}},"72":{"start":{"line":141,"column":12},"end":{"line":144,"column":16}},"73":{"start":{"line":147,"column":12},"end":{"line":147,"column":55}},"74":{"start":{"line":149,"column":8},"end":{"line":149,"column":32}},"75":{"start":{"line":152,"column":8},"end":{"line":152,"column":79}},"76":{"start":{"line":152,"column":43},"end":{"line":152,"column":68}},"77":{"start":{"line":155,"column":8},"end":{"line":280,"column":6}},"78":{"start":{"line":164,"column":28},"end":{"line":164,"column":60}},"79":{"start":{"line":179,"column":28},"end":{"line":179,"column":59}},"80":{"start":{"line":191,"column":28},"end":{"line":191,"column":67}},"81":{"start":{"line":205,"column":28},"end":{"line":205,"column":62}},"82":{"start":{"line":219,"column":26},"end":{"line":219,"column":34}},"83":{"start":{"line":220,"column":12},"end":{"line":220,"column":57}},"84":{"start":{"line":221,"column":12},"end":{"line":221,"column":47}},"85":{"start":{"line":235,"column":28},"end":{"line":235,"column":56}},"86":{"start":{"line":246,"column":29},"end":{"line":246,"column":62}},"87":{"start":{"line":249,"column":40},"end":{"line":249,"column":87}},"88":{"start":{"line":260,"column":29},"end":{"line":260,"column":60}},"89":{"start":{"line":263,"column":37},"end":{"line":263,"column":82}},"90":{"start":{"line":273,"column":27},"end":{"line":273,"column":50}},"91":{"start":{"line":283,"column":0},"end":{"line":361,"column":4}},"92":{"start":{"line":362,"column":0},"end":{"line":364,"column":47}},"93":{"start":{"line":365,"column":0},"end":{"line":367,"column":49}},"94":{"start":{"line":368,"column":0},"end":{"line":370,"column":47}},"95":{"start":{"line":371,"column":0},"end":{"line":373,"column":45}},"96":{"start":{"line":374,"column":0},"end":{"line":376,"column":45}},"97":{"start":{"line":377,"column":0},"end":{"line":380,"column":17}}},"fnMap":{"0":{"name":"(anonymous_0)","decl":{"start":{"line":1,"column":46},"end":{"line":1,"column":47}},"loc":{"start":{"line":1,"column":87},"end":{"line":6,"column":1}},"line":1},"1":{"name":"(anonymous_1)","decl":{"start":{"line":17,"column":4},"end":{"line":17,"column":5}},"loc":{"start":{"line":17,"column":18},"end":{"line":32,"column":5}},"line":17},"2":{"name":"(anonymous_2)","decl":{"start":{"line":33,"column":4},"end":{"line":33,"column":5}},"loc":{"start":{"line":33,"column":30},"end":{"line":62,"column":5}},"line":33},"3":{"name":"(anonymous_3)","decl":{"start":{"line":44,"column":32},"end":{"line":44,"column":33}},"loc":{"start":{"line":44,"column":41},"end":{"line":44,"column":67}},"line":44},"4":{"name":"(anonymous_4)","decl":{"start":{"line":51,"column":43},"end":{"line":51,"column":44}},"loc":{"start":{"line":51,"column":49},"end":{"line":61,"column":9}},"line":51},"5":{"name":"(anonymous_5)","decl":{"start":{"line":55,"column":36},"end":{"line":55,"column":37}},"loc":{"start":{"line":55,"column":45},"end":{"line":55,"column":71}},"line":55},"6":{"name":"(anonymous_6)","decl":{"start":{"line":63,"column":4},"end":{"line":63,"column":5}},"loc":{"start":{"line":63,"column":27},"end":{"line":68,"column":5}},"line":63},"7":{"name":"(anonymous_7)","decl":{"start":{"line":69,"column":4},"end":{"line":69,"column":5}},"loc":{"start":{"line":69,"column":32},"end":{"line":105,"column":5}},"line":69},"8":{"name":"(anonymous_8)","decl":{"start":{"line":100,"column":41},"end":{"line":100,"column":42}},"loc":{"start":{"line":100,"column":52},"end":{"line":100,"column":73}},"line":100},"9":{"name":"(anonymous_9)","decl":{"start":{"line":106,"column":4},"end":{"line":106,"column":5}},"loc":{"start":{"line":106,"column":26},"end":{"line":118,"column":5}},"line":106},"10":{"name":"(anonymous_10)","decl":{"start":{"line":119,"column":4},"end":{"line":119,"column":5}},"loc":{"start":{"line":119,"column":20},"end":{"line":150,"column":5}},"line":119},"11":{"name":"(anonymous_11)","decl":{"start":{"line":151,"column":4},"end":{"line":151,"column":5}},"loc":{"start":{"line":151,"column":29},"end":{"line":153,"column":5}},"line":151},"12":{"name":"(anonymous_12)","decl":{"start":{"line":152,"column":32},"end":{"line":152,"column":33}},"loc":{"start":{"line":152,"column":43},"end":{"line":152,"column":68}},"line":152},"13":{"name":"(anonymous_13)","decl":{"start":{"line":154,"column":4},"end":{"line":154,"column":5}},"loc":{"start":{"line":154,"column":13},"end":{"line":281,"column":5}},"line":154},"14":{"name":"(anonymous_14)","decl":{"start":{"line":164,"column":21},"end":{"line":164,"column":22}},"loc":{"start":{"line":164,"column":28},"end":{"line":164,"column":60}},"line":164},"15":{"name":"(anonymous_15)","decl":{"start":{"line":179,"column":21},"end":{"line":179,"column":22}},"loc":{"start":{"line":179,"column":28},"end":{"line":179,"column":59}},"line":179},"16":{"name":"(anonymous_16)","decl":{"start":{"line":191,"column":21},"end":{"line":191,"column":22}},"loc":{"start":{"line":191,"column":28},"end":{"line":191,"column":67}},"line":191},"17":{"name":"(anonymous_17)","decl":{"start":{"line":205,"column":21},"end":{"line":205,"column":22}},"loc":{"start":{"line":205,"column":28},"end":{"line":205,"column":62}},"line":205},"18":{"name":"(anonymous_18)","decl":{"start":{"line":218,"column":21},"end":{"line":218,"column":22}},"loc":{"start":{"line":218,"column":28},"end":{"line":222,"column":9}},"line":218},"19":{"name":"(anonymous_19)","decl":{"start":{"line":235,"column":21},"end":{"line":235,"column":22}},"loc":{"start":{"line":235,"column":28},"end":{"line":235,"column":56}},"line":235},"20":{"name":"(anonymous_20)","decl":{"start":{"line":246,"column":22},"end":{"line":246,"column":23}},"loc":{"start":{"line":246,"column":29},"end":{"line":246,"column":62}},"line":246},"21":{"name":"(anonymous_21)","decl":{"start":{"line":249,"column":30},"end":{"line":249,"column":31}},"loc":{"start":{"line":249,"column":40},"end":{"line":249,"column":87}},"line":249},"22":{"name":"(anonymous_22)","decl":{"start":{"line":260,"column":22},"end":{"line":260,"column":23}},"loc":{"start":{"line":260,"column":29},"end":{"line":260,"column":60}},"line":260},"23":{"name":"(anonymous_23)","decl":{"start":{"line":263,"column":28},"end":{"line":263,"column":29}},"loc":{"start":{"line":263,"column":37},"end":{"line":263,"column":82}},"line":263},"24":{"name":"(anonymous_24)","decl":{"start":{"line":273,"column":21},"end":{"line":273,"column":22}},"loc":{"start":{"line":273,"column":27},"end":{"line":273,"column":50}},"line":273}},"branchMap":{"0":{"loc":{"start":{"line":1,"column":17},"end":{"line":6,"column":1}},"type":"binary-expr","locations":[{"start":{"line":1,"column":18},"end":{"line":1,"column":22}},{"start":{"line":1,"column":26},"end":{"line":1,"column":41}},{"start":{"line":1,"column":46},"end":{"line":6,"column":1}}],"line":1},"1":{"loc":{"start":{"line":2,"column":34},"end":{"line":2,"column":125}},"type":"cond-expr","locations":[{"start":{"line":2,"column":42},"end":{"line":2,"column":48}},{"start":{"line":2,"column":51},"end":{"line":2,"column":125}}],"line":2},"2":{"loc":{"start":{"line":2,"column":51},"end":{"line":2,"column":125}},"type":"cond-expr","locations":[{"start":{"line":2,"column":67},"end":{"line":2,"column":118}},{"start":{"line":2,"column":121},"end":{"line":2,"column":125}}],"line":2},"3":{"loc":{"start":{"line":3,"column":4},"end":{"line":4,"column":150}},"type":"if","locations":[{"start":{"line":3,"column":4},"end":{"line":4,"column":150}},{"start":{"line":4,"column":9},"end":{"line":4,"column":150}}],"line":3},"4":{"loc":{"start":{"line":3,"column":8},"end":{"line":3,"column":77}},"type":"binary-expr","locations":[{"start":{"line":3,"column":8},"end":{"line":3,"column":35}},{"start":{"line":3,"column":39},"end":{"line":3,"column":77}}],"line":3},"5":{"loc":{"start":{"line":4,"column":58},"end":{"line":4,"column":150}},"type":"if","locations":[{"start":{"line":4,"column":58},"end":{"line":4,"column":150}},{"start":{},"end":{}}],"line":4},"6":{"loc":{"start":{"line":4,"column":85},"end":{"line":4,"column":149}},"type":"binary-expr","locations":[{"start":{"line":4,"column":86},"end":{"line":4,"column":143}},{"start":{"line":4,"column":148},"end":{"line":4,"column":149}}],"line":4},"7":{"loc":{"start":{"line":4,"column":86},"end":{"line":4,"column":143}},"type":"cond-expr","locations":[{"start":{"line":4,"column":94},"end":{"line":4,"column":98}},{"start":{"line":4,"column":101},"end":{"line":4,"column":143}}],"line":4},"8":{"loc":{"start":{"line":4,"column":101},"end":{"line":4,"column":143}},"type":"cond-expr","locations":[{"start":{"line":4,"column":109},"end":{"line":4,"column":126}},{"start":{"line":4,"column":129},"end":{"line":4,"column":143}}],"line":4},"9":{"loc":{"start":{"line":5,"column":11},"end":{"line":5,"column":62}},"type":"binary-expr","locations":[{"start":{"line":5,"column":11},"end":{"line":5,"column":16}},{"start":{"line":5,"column":20},"end":{"line":5,"column":21}},{"start":{"line":5,"column":25},"end":{"line":5,"column":62}}],"line":5},"10":{"loc":{"start":{"line":38,"column":8},"end":{"line":49,"column":9}},"type":"if","locations":[{"start":{"line":38,"column":8},"end":{"line":49,"column":9}},{"start":{},"end":{}}],"line":38},"11":{"loc":{"start":{"line":38,"column":12},"end":{"line":38,"column":33}},"type":"binary-expr","locations":[{"start":{"line":38,"column":12},"end":{"line":38,"column":19}},{"start":{"line":38,"column":23},"end":{"line":38,"column":33}}],"line":38},"12":{"loc":{"start":{"line":45,"column":12},"end":{"line":48,"column":13}},"type":"if","locations":[{"start":{"line":45,"column":12},"end":{"line":48,"column":13}},{"start":{},"end":{}}],"line":45},"13":{"loc":{"start":{"line":52,"column":12},"end":{"line":60,"column":13}},"type":"if","locations":[{"start":{"line":52,"column":12},"end":{"line":60,"column":13}},{"start":{},"end":{}}],"line":52},"14":{"loc":{"start":{"line":56,"column":16},"end":{"line":59,"column":17}},"type":"if","locations":[{"start":{"line":56,"column":16},"end":{"line":59,"column":17}},{"start":{},"end":{}}],"line":56},"15":{"loc":{"start":{"line":65,"column":8},"end":{"line":67,"column":9}},"type":"if","locations":[{"start":{"line":65,"column":8},"end":{"line":67,"column":9}},{"start":{},"end":{}}],"line":65},"16":{"loc":{"start":{"line":71,"column":8},"end":{"line":98,"column":9}},"type":"switch","locations":[{"start":{"line":72,"column":12},"end":{"line":74,"column":22}},{"start":{"line":75,"column":12},"end":{"line":77,"column":22}},{"start":{"line":78,"column":12},"end":{"line":80,"column":22}},{"start":{"line":81,"column":12},"end":{"line":83,"column":22}},{"start":{"line":84,"column":12},"end":{"line":88,"column":22}},{"start":{"line":89,"column":12},"end":{"line":91,"column":22}},{"start":{"line":92,"column":12},"end":{"line":94,"column":22}},{"start":{"line":95,"column":12},"end":{"line":97,"column":22}}],"line":71},"17":{"loc":{"start":{"line":102,"column":8},"end":{"line":104,"column":9}},"type":"if","locations":[{"start":{"line":102,"column":8},"end":{"line":104,"column":9}},{"start":{},"end":{}}],"line":102},"18":{"loc":{"start":{"line":109,"column":8},"end":{"line":111,"column":9}},"type":"if","locations":[{"start":{"line":109,"column":8},"end":{"line":111,"column":9}},{"start":{},"end":{}}],"line":109},"19":{"loc":{"start":{"line":132,"column":19},"end":{"line":132,"column":44}},"type":"binary-expr","locations":[{"start":{"line":132,"column":19},"end":{"line":132,"column":38}},{"start":{"line":132,"column":42},"end":{"line":132,"column":44}}],"line":132},"20":{"loc":{"start":{"line":133,"column":19},"end":{"line":133,"column":50}},"type":"binary-expr","locations":[{"start":{"line":133,"column":19},"end":{"line":133,"column":44}},{"start":{"line":133,"column":48},"end":{"line":133,"column":50}}],"line":133},"21":{"loc":{"start":{"line":134,"column":18},"end":{"line":134,"column":54}},"type":"binary-expr","locations":[{"start":{"line":134,"column":18},"end":{"line":134,"column":48}},{"start":{"line":134,"column":52},"end":{"line":134,"column":54}}],"line":134},"22":{"loc":{"start":{"line":135,"column":18},"end":{"line":135,"column":49}},"type":"binary-expr","locations":[{"start":{"line":135,"column":18},"end":{"line":135,"column":43}},{"start":{"line":135,"column":47},"end":{"line":135,"column":49}}],"line":135},"23":{"loc":{"start":{"line":137,"column":8},"end":{"line":139,"column":9}},"type":"if","locations":[{"start":{"line":137,"column":8},"end":{"line":139,"column":9}},{"start":{},"end":{}}],"line":137},"24":{"loc":{"start":{"line":140,"column":8},"end":{"line":148,"column":9}},"type":"if","locations":[{"start":{"line":140,"column":8},"end":{"line":148,"column":9}},{"start":{"line":146,"column":13},"end":{"line":148,"column":9}}],"line":140},"25":{"loc":{"start":{"line":140,"column":12},"end":{"line":140,"column":42}},"type":"binary-expr","locations":[{"start":{"line":140,"column":12},"end":{"line":140,"column":23}},{"start":{"line":140,"column":27},"end":{"line":140,"column":42}}],"line":140},"26":{"loc":{"start":{"line":163,"column":21},"end":{"line":163,"column":50}},"type":"binary-expr","locations":[{"start":{"line":163,"column":21},"end":{"line":163,"column":44}},{"start":{"line":163,"column":48},"end":{"line":163,"column":50}}],"line":163},"27":{"loc":{"start":{"line":166,"column":12},"end":{"line":169,"column":17}},"type":"binary-expr","locations":[{"start":{"line":166,"column":12},"end":{"line":166,"column":44}},{"start":{"line":167,"column":12},"end":{"line":169,"column":17}}],"line":166},"28":{"loc":{"start":{"line":178,"column":21},"end":{"line":178,"column":49}},"type":"binary-expr","locations":[{"start":{"line":178,"column":21},"end":{"line":178,"column":43}},{"start":{"line":178,"column":47},"end":{"line":178,"column":49}}],"line":178},"29":{"loc":{"start":{"line":181,"column":12},"end":{"line":182,"column":78}},"type":"binary-expr","locations":[{"start":{"line":181,"column":12},"end":{"line":181,"column":43}},{"start":{"line":182,"column":12},"end":{"line":182,"column":78}}],"line":181},"30":{"loc":{"start":{"line":190,"column":21},"end":{"line":190,"column":57}},"type":"binary-expr","locations":[{"start":{"line":190,"column":21},"end":{"line":190,"column":51}},{"start":{"line":190,"column":55},"end":{"line":190,"column":57}}],"line":190},"31":{"loc":{"start":{"line":193,"column":12},"end":{"line":196,"column":17}},"type":"binary-expr","locations":[{"start":{"line":193,"column":12},"end":{"line":193,"column":52}},{"start":{"line":194,"column":12},"end":{"line":196,"column":17}}],"line":193},"32":{"loc":{"start":{"line":204,"column":21},"end":{"line":204,"column":52}},"type":"binary-expr","locations":[{"start":{"line":204,"column":21},"end":{"line":204,"column":46}},{"start":{"line":204,"column":50},"end":{"line":204,"column":52}}],"line":204},"33":{"loc":{"start":{"line":207,"column":12},"end":{"line":208,"column":82}},"type":"binary-expr","locations":[{"start":{"line":207,"column":12},"end":{"line":207,"column":47}},{"start":{"line":208,"column":12},"end":{"line":208,"column":82}}],"line":207},"34":{"loc":{"start":{"line":217,"column":21},"end":{"line":217,"column":52}},"type":"binary-expr","locations":[{"start":{"line":217,"column":21},"end":{"line":217,"column":46}},{"start":{"line":217,"column":50},"end":{"line":217,"column":52}}],"line":217},"35":{"loc":{"start":{"line":224,"column":12},"end":{"line":225,"column":81}},"type":"binary-expr","locations":[{"start":{"line":224,"column":12},"end":{"line":224,"column":46}},{"start":{"line":225,"column":12},"end":{"line":225,"column":81}}],"line":224},"36":{"loc":{"start":{"line":234,"column":21},"end":{"line":234,"column":46}},"type":"binary-expr","locations":[{"start":{"line":234,"column":21},"end":{"line":234,"column":40}},{"start":{"line":234,"column":44},"end":{"line":234,"column":46}}],"line":234},"37":{"loc":{"start":{"line":237,"column":12},"end":{"line":238,"column":74}},"type":"binary-expr","locations":[{"start":{"line":237,"column":12},"end":{"line":237,"column":39}},{"start":{"line":238,"column":12},"end":{"line":238,"column":74}}],"line":237},"38":{"loc":{"start":{"line":245,"column":21},"end":{"line":245,"column":51}},"type":"binary-expr","locations":[{"start":{"line":245,"column":21},"end":{"line":245,"column":45}},{"start":{"line":245,"column":49},"end":{"line":245,"column":51}}],"line":245},"39":{"loc":{"start":{"line":251,"column":12},"end":{"line":252,"column":79}},"type":"binary-expr","locations":[{"start":{"line":251,"column":12},"end":{"line":251,"column":44}},{"start":{"line":252,"column":12},"end":{"line":252,"column":79}}],"line":251},"40":{"loc":{"start":{"line":259,"column":21},"end":{"line":259,"column":49}},"type":"binary-expr","locations":[{"start":{"line":259,"column":21},"end":{"line":259,"column":43}},{"start":{"line":259,"column":47},"end":{"line":259,"column":49}}],"line":259},"41":{"loc":{"start":{"line":265,"column":12},"end":{"line":266,"column":77}},"type":"binary-expr","locations":[{"start":{"line":265,"column":12},"end":{"line":265,"column":42}},{"start":{"line":266,"column":12},"end":{"line":266,"column":77}}],"line":265}},"s":{"0":0,"1":0,"2":0,"3":0,"4":0,"5":0,"6":0,"7":0,"8":0,"9":0,"10":0,"11":0,"12":0,"13":0,"14":0,"15":0,"16":0,"17":0,"18":0,"19":0,"20":0,"21":0,"22":0,"23":0,"24":0,"25":0,"26":0,"27":0,"28":0,"29":0,"30":0,"31":0,"32":0,"33":0,"34":0,"35":0,"36":0,"37":0,"38":0,"39":0,"40":0,"41":0,"42":0,"43":0,"44":0,"45":0,"46":0,"47":0,"48":0,"49":0,"50":0,"51":0,"52":0,"53":0,"54":0,"55":0,"56":0,"57":0,"58":0,"59":0,"60":0,"61":0,"62":0,"63":0,"64":0,"65":0,"66":0,"67":0,"68":0,"69":0,"70":0,"71":0,"72":0,"73":0,"74":0,"75":0,"76":0,"77":0,"78":0,"79":0,"80":0,"81":0,"82":0,"83":0,"84":0,"85":0,"86":0,"87":0,"88":0,"89":0,"90":0,"91":0,"92":0,"93":0,"94":0,"95":0,"96":0,"97":0},"f":{"0":0,"1":0,"2":0,"3":0,"4":0,"5":0,"6":0,"7":0,"8":0,"9":0,"10":0,"11":0,"12":0,"13":0,"14":0,"15":0,"16":0,"17":0,"18":0,"19":0,"20":0,"21":0,"22":0,"23":0,"24":0},"b":{"0":[0,0,0],"1":[0,0],"2":[0,0],"3":[0,0],"4":[0,0],"5":[0,0],"6":[0,0],"7":[0,0],"8":[0,0],"9":[0,0,0],"10":[0,0],"11":[0,0],"12":[0,0],"13":[0,0],"14":[0,0],"15":[0,0],"16":[0,0,0,0,0,0,0,0],"17":[0,0],"18":[0,0],"19":[0,0],"20":[0,0],"21":[0,0],"22":[0,0],"23":[0,0],"24":[0,0],"25":[0,0],"26":[0,0],"27":[0,0],"28":[0,0],"29":[0,0],"30":[0,0],"31":[0,0],"32":[0,0],"33":[0,0],"34":[0,0],"35":[0,0],"36":[0,0],"37":[0,0],"38":[0,0],"39":[0,0],"40":[0,0],"41":[0,0]},"inputSourceMap":{"version":3,"file":"C:/Users/hazal/Desktop/lint-element/lint-element/src/components/employee-form/employee-form.ts","sources":["C:/Users/hazal/Desktop/lint-element/lint-element/src/components/employee-form/employee-form.ts"],"names":[],"mappings":";;;;;;AAAA,OAAO,EAAE,IAAI,EAAE,GAAG,EAAE,MAAM,KAAK,CAAC;AAChC,OAAO,EAAE,aAAa,EAAE,QAAQ,EAAE,KAAK,EAAE,MAAM,mBAAmB,CAAC;AACnE,OAAO,EAAE,SAAS,EAAE,GAAG,EAAE,MAAM,eAAe,CAAC;AAC/C,OAAO,EAAE,MAAM,EAAE,MAAM,gBAAgB,CAAC;AACxC,OAAO,EAAE,KAAK,EAAE,MAAM,mBAAmB,CAAC;AAC1C,OAAO,EAAE,WAAW,EAAE,cAAc,EAAE,MAAM,qBAAqB,CAAC;AAClE,OAAO,EAAY,WAAW,EAAE,SAAS,EAAE,MAAM,6BAA6B,CAAC;AAC/E,OAAO,EAAE,SAAS,EAAmB,MAAM,wBAAwB,CAAC;AACpE,OAAO,EAAE,WAAW,EAAE,MAAM,iBAAiB,CAAC;AAGvC,IAAM,YAAY,GAAlB,MAAM,YAAa,SAAQ,WAAW;IAAtC;;QAEY,eAAU,GAAW,EAAE,CAAC;QAExB,aAAQ,GAAsB;YAC7C,SAAS,EAAE,EAAE;YACb,QAAQ,EAAE,EAAE;YACZ,gBAAgB,EAAE,EAAE;YACpB,WAAW,EAAE,EAAE;YACf,WAAW,EAAE,EAAE;YACf,KAAK,EAAE,EAAE;YACT,UAAU,EAAE,SAAS;YACrB,QAAQ,EAAE,SAAS;SACpB,CAAC;QAEe,WAAM,GAAsB,EAAE,CAAC;QAC/B,WAAM,GAAG,KAAK,CAAC;IAwWlC,CAAC;IApWU,KAAK,CAAC,iBAAiB;QAC9B,KAAK,CAAC,iBAAiB,EAAE,CAAC;QAE1B,kBAAkB;QAClB,MAAM,IAAI,GAAG,MAAM,CAAC,QAAQ,CAAC,QAAQ,CAAC;QACtC,MAAM,OAAO,GAAG,IAAI,CAAC,KAAK,CAAC,yBAAyB,CAAC,CAAC;QACtD,IAAI,OAAO,IAAI,OAAO,CAAC,CAAC,CAAC,EAAE,CAAC;YAC1B,IAAI,CAAC,UAAU,GAAG,OAAO,CAAC,CAAC,CAAC,CAAC;YAC7B,IAAI,CAAC,MAAM,GAAG,IAAI,CAAC;YAEnB,+BAA+B;YAC/B,MAAM,eAAe,GAAG,KAAK;iBAC1B,QAAQ,EAAE;iBACV,SAAS,CAAC,IAAI,CAAC,CAAC,GAAG,EAAE,EAAE,CAAC,GAAG,CAAC,EAAE,KAAK,IAAI,CAAC,UAAU,CAAC,CAAC;YAEvD,IAAI,eAAe,EAAE,CAAC;gBACpB,IAAI,CAAC,QAAQ,GAAG,EAAE,GAAG,eAAe,EAAE,CAAC;gBACvC,IAAI,CAAC,aAAa,EAAE,CAAC;YACvB,CAAC;QACH,CAAC;QAED,6BAA6B;QAC7B,IAAI,CAAC,WAAW,GAAG,KAAK,CAAC,SAAS,CAAC,GAAG,EAAE;YACtC,IAAI,IAAI,CAAC,MAAM,EAAE,CAAC;gBAChB,MAAM,eAAe,GAAG,KAAK;qBAC1B,QAAQ,EAAE;qBACV,SAAS,CAAC,IAAI,CAAC,CAAC,GAAG,EAAE,EAAE,CAAC,GAAG,CAAC,EAAE,KAAK,IAAI,CAAC,UAAU,CAAC,CAAC;gBACvD,IAAI,eAAe,EAAE,CAAC;oBACpB,IAAI,CAAC,QAAQ,GAAG,EAAE,GAAG,eAAe,EAAE,CAAC;oBACvC,IAAI,CAAC,aAAa,EAAE,CAAC;gBACvB,CAAC;YACH,CAAC;QACH,CAAC,CAAC,CAAC;IACL,CAAC;IAEQ,oBAAoB;QAC3B,KAAK,CAAC,oBAAoB,EAAE,CAAC;QAC7B,IAAI,IAAI,CAAC,WAAW,EAAE,CAAC;YACrB,IAAI,CAAC,WAAW,EAAE,CAAC;QACrB,CAAC;IACH,CAAC;IAEO,aAAa,CAAC,KAAqB,EAAE,KAAa;QACxD,MAAM,SAAS,GAAG,IAAI,SAAS,EAAE,CAAC;QAElC,QAAQ,KAAK,EAAE,CAAC;YACd,KAAK,OAAO;gBACV,SAAS,CAAC,QAAQ,CAAC,KAAK,EAAE,OAAO,CAAC,CAAC,KAAK,CAAC,KAAK,EAAE,OAAO,CAAC,CAAC;gBACzD,MAAM;YACR,KAAK,aAAa;gBAChB,SAAS,CAAC,QAAQ,CAAC,KAAK,EAAE,cAAc,CAAC,CAAC,KAAK,CAAC,KAAK,EAAE,cAAc,CAAC,CAAC;gBACvE,MAAM;YACR,KAAK,WAAW;gBACd,SAAS,CAAC,QAAQ,CAAC,KAAK,EAAE,YAAY,CAAC,CAAC;gBACxC,MAAM;YACR,KAAK,UAAU;gBACb,SAAS,CAAC,QAAQ,CAAC,KAAK,EAAE,WAAW,CAAC,CAAC;gBACvC,MAAM;YACR,KAAK,kBAAkB;gBACrB,SAAS;qBACN,QAAQ,CAAC,KAAK,EAAE,oBAAoB,CAAC;qBACrC,IAAI,CAAC,KAAK,EAAE,oBAAoB,CAAC,CAAC;gBACrC,MAAM;YACR,KAAK,aAAa;gBAChB,SAAS,CAAC,QAAQ,CAAC,KAAK,EAAE,eAAe,CAAC,CAAC,IAAI,CAAC,KAAK,EAAE,eAAe,CAAC,CAAC;gBACxE,MAAM;YACR,KAAK,YAAY;gBACf,SAAS,CAAC,QAAQ,CAAC,KAAK,EAAE,YAAY,CAAC,CAAC;gBACxC,MAAM;YACR,KAAK,UAAU;gBACb,SAAS,CAAC,QAAQ,CAAC,KAAK,EAAE,UAAU,CAAC,CAAC;gBACtC,MAAM;QACV,CAAC;QAED,mCAAmC;QACnC,IAAI,CAAC,MAAM,GAAG,IAAI,CAAC,MAAM,CAAC,MAAM,CAAC,CAAC,KAAK,EAAE,EAAE,CAAC,KAAK,CAAC,KAAK,KAAK,KAAK,CAAC,CAAC;QAEnE,wBAAwB;QACxB,IAAI,SAAS,CAAC,SAAS,EAAE,EAAE,CAAC;YAC1B,IAAI,CAAC,MAAM,GAAG,CAAC,GAAG,IAAI,CAAC,MAAM,EAAE,GAAG,SAAS,CAAC,SAAS,EAAE,CAAC,CAAC;QAC3D,CAAC;IACH,CAAC;IAEO,WAAW,CAAC,CAAQ,EAAE,KAAqB;QACjD,MAAM,KAAK,GAAG,CAAC,CAAC,MAA8C,CAAC;QAC/D,IAAI,KAAK,GAAG,KAAK,CAAC,KAAK,CAAC;QAExB,IAAI,KAAK,KAAK,aAAa,EAAE,CAAC;YAC5B,KAAK,GAAG,KAAK,CAAC,OAAO,CAAC,KAAK,EAAE,EAAE,CAAC,CAAC,CAAC,kCAAkC;QACtE,CAAC;QAED,IAAI,CAAC,QAAQ,GAAG;YACd,GAAG,IAAI,CAAC,QAAQ;YAChB,CAAC,KAAK,CAAC,EAAE,KAAK;SACf,CAAC;QAEF,kCAAkC;QAClC,IAAI,CAAC,aAAa,CAAC,KAAK,EAAE,KAAK,CAAC,CAAC;IACnC,CAAC;IAEO,YAAY,CAAC,CAAQ;QAC3B,CAAC,CAAC,cAAc,EAAE,CAAC;QAEnB,MAAM,SAAS,GAAG,IAAI,SAAS,EAAE,CAAC;QAElC,sBAAsB;QACtB,SAAS;aACN,QAAQ,CAAC,IAAI,CAAC,QAAQ,CAAC,SAAS,EAAE,YAAY,CAAC;aAC/C,QAAQ,CAAC,IAAI,CAAC,QAAQ,CAAC,QAAQ,EAAE,WAAW,CAAC;aAC7C,QAAQ,CAAC,IAAI,CAAC,QAAQ,CAAC,gBAAgB,EAAE,oBAAoB,CAAC;aAC9D,QAAQ,CAAC,IAAI,CAAC,QAAQ,CAAC,WAAW,EAAE,eAAe,CAAC;aACpD,QAAQ,CAAC,IAAI,CAAC,QAAQ,CAAC,WAAW,EAAE,cAAc,CAAC;aACnD,QAAQ,CAAC,IAAI,CAAC,QAAQ,CAAC,KAAK,EAAE,OAAO,CAAC;aACtC,QAAQ,CAAC,IAAI,CAAC,QAAQ,CAAC,UAAU,EAAE,YAAY,CAAC;aAChD,QAAQ,CAAC,IAAI,CAAC,QAAQ,CAAC,QAAQ,EAAE,UAAU,CAAC;aAC5C,KAAK,CAAC,IAAI,CAAC,QAAQ,CAAC,KAAK,IAAI,EAAE,EAAE,OAAO,CAAC;aACzC,KAAK,CAAC,IAAI,CAAC,QAAQ,CAAC,WAAW,IAAI,EAAE,EAAE,cAAc,CAAC;aACtD,IAAI,CAAC,IAAI,CAAC,QAAQ,CAAC,gBAAgB,IAAI,EAAE,EAAE,oBAAoB,CAAC;aAChE,IAAI,CAAC,IAAI,CAAC,QAAQ,CAAC,WAAW,IAAI,EAAE,EAAE,eAAe,CAAC,CAAC;QAE1D,IAAI,CAAC,MAAM,GAAG,SAAS,CAAC,SAAS,EAAE,CAAC;QAEpC,IAAI,SAAS,CAAC,SAAS,EAAE,EAAE,CAAC;YAC1B,OAAO;QACT,CAAC;QAED,IAAI,IAAI,CAAC,MAAM,IAAI,IAAI,CAAC,UAAU,EAAE,CAAC;YACnC,KAAK,CAAC,QAAQ,CACZ,cAAc,CAAC;gBACb,GAAI,IAAI,CAAC,QAAqB;gBAC9B,EAAE,EAAE,IAAI,CAAC,UAAU;aACpB,CAAC,CACH,CAAC;QACJ,CAAC;aAAM,CAAC;YACN,KAAK,CAAC,QAAQ,CAAC,WAAW,CAAC,IAAI,CAAC,QAAoB,CAAC,CAAC,CAAC;QACzD,CAAC;QAED,MAAM,CAAC,EAAE,CAAC,YAAY,CAAC,CAAC;IAC1B,CAAC;IAEO,aAAa,CAAC,SAAiB;QACrC,OAAO,IAAI,CAAC,MAAM,CAAC,IAAI,CAAC,CAAC,KAAK,EAAE,EAAE,CAAC,KAAK,CAAC,KAAK,KAAK,SAAS,CAAC,EAAE,OAAO,CAAC;IACzE,CAAC;IAkFQ,MAAM;QACb,OAAO,IAAI,CAAA;sBACO,IAAI,CAAC,YAAY;;mCAEJ,GAAG,CAAC,YAAY,CAAC;;;;0BAI1B,GAAG,CAAC,kBAAkB,CAAC;qBAC5B,IAAI,CAAC,QAAQ,CAAC,SAAS,IAAI,EAAE;qBAC7B,CAAC,CAAQ,EAAE,EAAE,CAAC,IAAI,CAAC,WAAW,CAAC,CAAC,EAAE,WAAW,CAAC;;YAEvD,IAAI,CAAC,aAAa,CAAC,YAAY,CAAC;YAClC,IAAI,CAAA;cACA,IAAI,CAAC,aAAa,CAAC,GAAG,CAAC,YAAY,CAAC,CAAE;iBACnC;;;;kCAIiB,GAAG,CAAC,WAAW,CAAC;;;;;qBAK7B,IAAI,CAAC,QAAQ,CAAC,QAAQ,IAAI,EAAE;qBAC5B,CAAC,CAAQ,EAAE,EAAE,CAAC,IAAI,CAAC,WAAW,CAAC,CAAC,EAAE,UAAU,CAAC;;YAEtD,IAAI,CAAC,aAAa,CAAC,WAAW,CAAC;YACjC,IAAI,CAAA,sBAAsB,IAAI,CAAC,aAAa,CAAC,WAAW,CAAC,QAAQ;;;;0CAIjC,GAAG,CAAC,oBAAoB,CAAC;;;;qBAI9C,IAAI,CAAC,QAAQ,CAAC,gBAAgB,IAAI,EAAE;qBACpC,CAAC,CAAQ,EAAE,EAAE,CAAC,IAAI,CAAC,WAAW,CAAC,CAAC,EAAE,kBAAkB,CAAC;;YAE9D,IAAI,CAAC,aAAa,CAAC,oBAAoB,CAAC;YAC1C,IAAI,CAAA;cACA,IAAI,CAAC,aAAa,CAAC,oBAAoB,CAAC;iBACrC;;;;qCAIoB,GAAG,CAAC,eAAe,CAAC;;;;qBAIpC,IAAI,CAAC,QAAQ,CAAC,WAAW,IAAI,EAAE;qBAC/B,CAAC,CAAQ,EAAE,EAAE,CAAC,IAAI,CAAC,WAAW,CAAC,CAAC,EAAE,aAAa,CAAC;;YAEzD,IAAI,CAAC,aAAa,CAAC,eAAe,CAAC;YACrC,IAAI,CAAA,sBAAsB,IAAI,CAAC,aAAa,CAAC,eAAe,CAAC,QAAQ;;;;qCAI1C,GAAG,CAAC,cAAc,CAAC;;;;;qBAKnC,IAAI,CAAC,QAAQ,CAAC,WAAW,IAAI,EAAE;qBAC/B,CAAC,CAAQ,EAAE,EAAE;YACpB,MAAM,KAAK,GAAG,CAAC,CAAC,MAA0B,CAAC;YAC3C,KAAK,CAAC,KAAK,GAAG,KAAK,CAAC,KAAK,CAAC,OAAO,CAAC,KAAK,EAAE,EAAE,CAAC,CAAC;YAC7C,IAAI,CAAC,WAAW,CAAC,CAAC,EAAE,aAAa,CAAC,CAAC;QACrC,CAAC;;YAED,IAAI,CAAC,aAAa,CAAC,cAAc,CAAC;YACpC,IAAI,CAAA,sBAAsB,IAAI,CAAC,aAAa,CAAC,cAAc,CAAC,QAAQ;;;;+BAI/C,GAAG,CAAC,OAAO,CAAC;;;;;qBAKtB,IAAI,CAAC,QAAQ,CAAC,KAAK,IAAI,EAAE;qBACzB,CAAC,CAAQ,EAAE,EAAE,CAAC,IAAI,CAAC,WAAW,CAAC,CAAC,EAAE,OAAO,CAAC;;YAEnD,IAAI,CAAC,aAAa,CAAC,OAAO,CAAC;YAC7B,IAAI,CAAA,sBAAsB,IAAI,CAAC,aAAa,CAAC,OAAO,CAAC,QAAQ;;;;oCAInC,GAAG,CAAC,YAAY,CAAC;;;qBAGhC,IAAI,CAAC,QAAQ,CAAC,UAAU,IAAI,EAAE;sBAC7B,CAAC,CAAQ,EAAE,EAAE,CAAC,IAAI,CAAC,WAAW,CAAC,CAAC,EAAE,YAAY,CAAC;;;cAGvD,WAAW,CAAC,GAAG,CACf,CAAC,IAAI,EAAE,EAAE,CAAC,IAAI,CAAA,kBAAkB,IAAI,IAAI,IAAI,YAAY,CACzD;;YAED,IAAI,CAAC,aAAa,CAAC,YAAY,CAAC;YAClC,IAAI,CAAA,sBAAsB,IAAI,CAAC,aAAa,CAAC,YAAY,CAAC,QAAQ;;;;kCAI1C,GAAG,CAAC,UAAU,CAAC;;;qBAG5B,IAAI,CAAC,QAAQ,CAAC,QAAQ,IAAI,EAAE;sBAC3B,CAAC,CAAQ,EAAE,EAAE,CAAC,IAAI,CAAC,WAAW,CAAC,CAAC,EAAE,UAAU,CAAC;;;cAGrD,SAAS,CAAC,GAAG,CACb,CAAC,GAAG,EAAE,EAAE,CAAC,IAAI,CAAA,kBAAkB,GAAG,IAAI,GAAG,YAAY,CACtD;;YAED,IAAI,CAAC,aAAa,CAAC,UAAU,CAAC;YAChC,IAAI,CAAA,sBAAsB,IAAI,CAAC,aAAa,CAAC,UAAU,CAAC,QAAQ;;;;;;;qBAOrD,GAAG,EAAE,CAAC,MAAM,CAAC,EAAE,CAAC,YAAY,CAAC;;cAEpC,GAAG,CAAC,QAAQ,CAAC;;mDAEwB,GAAG,CAAC,MAAM,CAAC;;;KAGzD,CAAC;IACJ,CAAC;;AAnNe,mBAAM,GAAG,GAAG,CAAA;;;;;;;;;;;;;;;;;;;;;;;;;;;;;;;;;;;;;;;;;;;;;;;;;;;;;;;;;;;;;;;;;;;;;;;;;;;;;;GA8E3B,AA9EqB,CA8EpB;AAjP0B;IAA3B,QAAQ,CAAC,EAAE,IAAI,EAAE,MAAM,EAAE,CAAC;8CAAmB;AAC7B;IAAhB,KAAK,EAAE;gDAAiC;AAExB;IAAhB,KAAK,EAAE;8CASN;AAEe;IAAhB,KAAK,EAAE;4CAAwC;AAC/B;IAAhB,KAAK,EAAE;4CAAwB;AAhBrB,YAAY;IAFxB,SAAS,EAAE;IACX,aAAa,CAAC,eAAe,CAAC;GAClB,YAAY,CAwXxB","sourcesContent":["import { html, css } from \"lit\";\nimport { customElement, property, state } from \"lit/decorators.js\";\nimport { localized, msg } from \"@lit/localize\";\nimport { Router } from \"@vaadin/router\";\nimport { store } from \"../../store/store\";\nimport { addEmployee, updateEmployee } from \"../../store/actions\";\nimport { Employee, Departments, Positions } from \"../../models/employee.model\";\nimport { Validator, ValidationError } from \"../../utils/validation\";\nimport { BaseElement } from \"../base-element\";\n@localized()\n@customElement(\"employee-form\")\nexport class EmployeeForm extends BaseElement {\n  @property({ type: String }) location?: string;\n  @state() private employeeId: string = \"\";\n\n  @state() private employee: Partial<Employee> = {\n    firstName: \"\",\n    lastName: \"\",\n    dateOfEmployment: \"\",\n    dateOfBirth: \"\",\n    phoneNumber: \"\",\n    email: \"\",\n    department: undefined,\n    position: undefined,\n  };\n\n  @state() private errors: ValidationError[] = [];\n  @state() private isEdit = false;\n\n  private unsubscribe?: () => void;\n\n  override async connectedCallback() {\n    super.connectedCallback();\n\n    // Get ID from URL\n    const path = window.location.pathname;\n    const matches = path.match(/\\/employees\\/edit\\/(.+)/);\n    if (matches && matches[1]) {\n      this.employeeId = matches[1];\n      this.isEdit = true;\n\n      // Get employee data from store\n      const currentEmployee = store\n        .getState()\n        .employees.find((emp) => emp.id === this.employeeId);\n\n      if (currentEmployee) {\n        this.employee = { ...currentEmployee };\n        this.requestUpdate();\n      }\n    }\n\n    // Subscribe to store changes\n    this.unsubscribe = store.subscribe(() => {\n      if (this.isEdit) {\n        const currentEmployee = store\n          .getState()\n          .employees.find((emp) => emp.id === this.employeeId);\n        if (currentEmployee) {\n          this.employee = { ...currentEmployee };\n          this.requestUpdate();\n        }\n      }\n    });\n  }\n\n  override disconnectedCallback() {\n    super.disconnectedCallback();\n    if (this.unsubscribe) {\n      this.unsubscribe();\n    }\n  }\n\n  private validateField(field: keyof Employee, value: string) {\n    const validator = new Validator();\n\n    switch (field) {\n      case \"email\":\n        validator.required(value, \"Email\").email(value, \"Email\");\n        break;\n      case \"phoneNumber\":\n        validator.required(value, \"Phone Number\").phone(value, \"Phone Number\");\n        break;\n      case \"firstName\":\n        validator.required(value, \"First Name\");\n        break;\n      case \"lastName\":\n        validator.required(value, \"Last Name\");\n        break;\n      case \"dateOfEmployment\":\n        validator\n          .required(value, \"Date of Employment\")\n          .date(value, \"Date of Employment\");\n        break;\n      case \"dateOfBirth\":\n        validator.required(value, \"Date of Birth\").date(value, \"Date of Birth\");\n        break;\n      case \"department\":\n        validator.required(value, \"Department\");\n        break;\n      case \"position\":\n        validator.required(value, \"Position\");\n        break;\n    }\n\n    // Remove old errors for this field\n    this.errors = this.errors.filter((error) => error.field !== field);\n\n    // Add new errors if any\n    if (validator.hasErrors()) {\n      this.errors = [...this.errors, ...validator.getErrors()];\n    }\n  }\n\n  private handleInput(e: Event, field: keyof Employee) {\n    const input = e.target as HTMLInputElement | HTMLSelectElement;\n    let value = input.value;\n\n    if (field === \"phoneNumber\") {\n      value = value.replace(/\\s/g, \"\"); // Remove spaces from phone number\n    }\n\n    this.employee = {\n      ...this.employee,\n      [field]: value,\n    };\n\n    // Validate the field after update\n    this.validateField(field, value);\n  }\n\n  private handleSubmit(e: Event) {\n    e.preventDefault();\n\n    const validator = new Validator();\n\n    // Validate all fields\n    validator\n      .required(this.employee.firstName, \"First Name\")\n      .required(this.employee.lastName, \"Last Name\")\n      .required(this.employee.dateOfEmployment, \"Date of Employment\")\n      .required(this.employee.dateOfBirth, \"Date of Birth\")\n      .required(this.employee.phoneNumber, \"Phone Number\")\n      .required(this.employee.email, \"Email\")\n      .required(this.employee.department, \"Department\")\n      .required(this.employee.position, \"Position\")\n      .email(this.employee.email || \"\", \"Email\")\n      .phone(this.employee.phoneNumber || \"\", \"Phone Number\")\n      .date(this.employee.dateOfEmployment || \"\", \"Date of Employment\")\n      .date(this.employee.dateOfBirth || \"\", \"Date of Birth\");\n\n    this.errors = validator.getErrors();\n\n    if (validator.hasErrors()) {\n      return;\n    }\n\n    if (this.isEdit && this.employeeId) {\n      store.dispatch(\n        updateEmployee({\n          ...(this.employee as Employee),\n          id: this.employeeId,\n        })\n      );\n    } else {\n      store.dispatch(addEmployee(this.employee as Employee));\n    }\n\n    Router.go(\"/employees\");\n  }\n\n  private getFieldError(fieldName: string): string | undefined {\n    return this.errors.find((error) => error.field === fieldName)?.message;\n  }\n\n  static override styles = css`\n    :host {\n      display: block;\n      max-width: 600px;\n      margin: 0 auto;\n      padding: 2rem;\n    }\n\n    .form-group {\n      margin-bottom: 1.5rem;\n    }\n\n    label {\n      display: block;\n      margin-bottom: 0.5rem;\n      color: var(--text-color);\n      font-weight: bold;\n    }\n\n    input,\n    select {\n      width: 100%;\n      padding: 0.75rem;\n      border: 1px solid var(--border-color);\n      border-radius: 4px;\n      font-size: 1rem;\n    }\n\n    input:focus,\n    select:focus {\n      outline: none;\n      border-color: var(--primary-color);\n    }\n\n    .error {\n      color: red;\n      font-size: 0.875rem;\n      margin-top: 0.25rem;\n    }\n\n    .form-actions {\n      display: flex;\n      justify-content: flex-end;\n      gap: 1rem;\n      margin-top: 2rem;\n    }\n\n    button {\n      padding: 0.75rem 1.5rem;\n      border: none;\n      border-radius: 4px;\n      font-size: 1rem;\n      cursor: pointer;\n    }\n\n    .save-btn {\n      background: var(--primary-color);\n      color: white;\n    }\n\n    .cancel-btn {\n      background: var(--secondary-color);\n      color: var(--text-color);\n    }\n\n    @media (max-width: 768px) {\n      :host {\n        padding: 1rem;\n      }\n\n      .form-actions {\n        flex-direction: column;\n      }\n\n      button {\n        width: 100%;\n      }\n    }\n  `;\n\n  override render() {\n    return html`\n      <form @submit=${this.handleSubmit}>\n        <div class=\"form-group\">\n          <label for=\"firstName\">${msg(\"First Name\")}</label>\n          <input\n            type=\"text\"\n            id=\"firstName\"\n            placeholder=${msg(\"Enter first name\")}\n            .value=${this.employee.firstName || \"\"}\n            @input=${(e: Event) => this.handleInput(e, \"firstName\")}\n          />\n          ${this.getFieldError(\"First Name\") &&\n          html`<div class=\"error\">\n            ${this.getFieldError(msg(\"First Name\"))!}\n          </div>`}\n        </div>\n\n        <div class=\"form-group\">\n          <label for=\"lastName\">${msg(\"Last Name\")}</label>\n          <input\n            type=\"text\"\n            id=\"lastName\"\n            placeholder=\"Enter last name\"\n            .value=${this.employee.lastName || \"\"}\n            @input=${(e: Event) => this.handleInput(e, \"lastName\")}\n          />\n          ${this.getFieldError(\"Last Name\") &&\n          html`<div class=\"error\">${this.getFieldError(\"Last Name\")}</div>`}\n        </div>\n\n        <div class=\"form-group\">\n          <label for=\"dateOfEmployment\">${msg(\"Date of Employment\")}</label>\n          <input\n            type=\"date\"\n            id=\"dateOfEmployment\"\n            .value=${this.employee.dateOfEmployment || \"\"}\n            @input=${(e: Event) => this.handleInput(e, \"dateOfEmployment\")}\n          />\n          ${this.getFieldError(\"Date of Employment\") &&\n          html`<div class=\"error\">\n            ${this.getFieldError(\"Date of Employment\")}\n          </div>`}\n        </div>\n\n        <div class=\"form-group\">\n          <label for=\"dateOfBirth\">${msg(\"Date of Birth\")}</label>\n          <input\n            type=\"date\"\n            id=\"dateOfBirth\"\n            .value=${this.employee.dateOfBirth || \"\"}\n            @input=${(e: Event) => this.handleInput(e, \"dateOfBirth\")}\n          />\n          ${this.getFieldError(\"Date of Birth\") &&\n          html`<div class=\"error\">${this.getFieldError(\"Date of Birth\")}</div>`}\n        </div>\n\n        <div class=\"form-group\">\n          <label for=\"phoneNumber\">${msg(\"Phone Number\")}</label>\n          <input\n            type=\"tel\"\n            id=\"phoneNumber\"\n            placeholder=\"+905321234567\"\n            .value=${this.employee.phoneNumber || \"\"}\n            @input=${(e: Event) => {\n              const input = e.target as HTMLInputElement;\n              input.value = input.value.replace(/\\s/g, \"\");\n              this.handleInput(e, \"phoneNumber\");\n            }}\n          />\n          ${this.getFieldError(\"Phone Number\") &&\n          html`<div class=\"error\">${this.getFieldError(\"Phone Number\")}</div>`}\n        </div>\n\n        <div class=\"form-group\">\n          <label for=\"email\">${msg(\"Email\")}</label>\n          <input\n            type=\"email\"\n            id=\"email\"\n            placeholder=\"example@company.com\"\n            .value=${this.employee.email || \"\"}\n            @input=${(e: Event) => this.handleInput(e, \"email\")}\n          />\n          ${this.getFieldError(\"Email\") &&\n          html`<div class=\"error\">${this.getFieldError(\"Email\")}</div>`}\n        </div>\n\n        <div class=\"form-group\">\n          <label for=\"department\">${msg(\"Department\")}</label>\n          <select\n            id=\"department\"\n            .value=${this.employee.department || \"\"}\n            @change=${(e: Event) => this.handleInput(e, \"department\")}\n          >\n            <option value=\"\" disabled selected>Select department</option>\n            ${Departments.map(\n              (dept) => html` <option value=${dept}>${dept}</option> `\n            )}\n          </select>\n          ${this.getFieldError(\"Department\") &&\n          html`<div class=\"error\">${this.getFieldError(\"Department\")}</div>`}\n        </div>\n\n        <div class=\"form-group\">\n          <label for=\"position\">${msg(\"Position\")}</label>\n          <select\n            id=\"position\"\n            .value=${this.employee.position || \"\"}\n            @change=${(e: Event) => this.handleInput(e, \"position\")}\n          >\n            <option value=\"\" disabled selected>Select position</option>\n            ${Positions.map(\n              (pos) => html` <option value=${pos}>${pos}</option> `\n            )}\n          </select>\n          ${this.getFieldError(\"Position\") &&\n          html`<div class=\"error\">${this.getFieldError(\"Position\")}</div>`}\n        </div>\n\n        <div class=\"form-actions\">\n          <button\n            type=\"button\"\n            class=\"cancel-btn\"\n            @click=${() => Router.go(\"/employees\")}\n          >\n            ${msg(\"Cancel\")}\n          </button>\n          <button type=\"submit\" class=\"save-btn\">${msg(\"Save\")}</button>\n        </div>\n      </form>\n    `;\n  }\n}\n"]},"all":true},"C:\\Users\\hazal\\Desktop\\lint-element\\lint-element\\src\\components\\employee-list\\employee-list.ts":{"path":"C:\\Users\\hazal\\Desktop\\lint-element\\lint-element\\src\\components\\employee-list\\employee-list.ts","statementMap":{"0":{"start":{"line":1,"column":17},"end":{"line":6,"column":1}},"1":{"start":{"line":2,"column":12},"end":{"line":2,"column":28}},"2":{"start":{"line":2,"column":34},"end":{"line":2,"column":125}},"3":{"start":{"line":3,"column":4},"end":{"line":4,"column":150}},"4":{"start":{"line":3,"column":79},"end":{"line":3,"column":131}},"5":{"start":{"line":4,"column":9},"end":{"line":4,"column":150}},"6":{"start":{"line":4,"column":22},"end":{"line":4,"column":43}},"7":{"start":{"line":4,"column":58},"end":{"line":4,"column":150}},"8":{"start":{"line":4,"column":81},"end":{"line":4,"column":150}},"9":{"start":{"line":5,"column":4},"end":{"line":5,"column":66}},"10":{"start":{"line":12,"column":19},"end":{"line":209,"column":1}},"11":{"start":{"line":14,"column":8},"end":{"line":14,"column":28}},"12":{"start":{"line":15,"column":8},"end":{"line":15,"column":28}},"13":{"start":{"line":16,"column":8},"end":{"line":16,"column":36}},"14":{"start":{"line":17,"column":8},"end":{"line":17,"column":29}},"15":{"start":{"line":18,"column":8},"end":{"line":18,"column":30}},"16":{"start":{"line":19,"column":8},"end":{"line":19,"column":32}},"17":{"start":{"line":20,"column":8},"end":{"line":20,"column":37}},"18":{"start":{"line":21,"column":8},"end":{"line":21,"column":39}},"19":{"start":{"line":22,"column":8},"end":{"line":22,"column":28}},"20":{"start":{"line":25,"column":8},"end":{"line":25,"column":34}},"21":{"start":{"line":26,"column":8},"end":{"line":26,"column":70}},"22":{"start":{"line":26,"column":49},"end":{"line":26,"column":68}},"23":{"start":{"line":27,"column":8},"end":{"line":27,"column":28}},"24":{"start":{"line":30,"column":8},"end":{"line":30,"column":37}},"25":{"start":{"line":31,"column":8},"end":{"line":31,"column":29}},"26":{"start":{"line":34,"column":22},"end":{"line":34,"column":38}},"27":{"start":{"line":35,"column":8},"end":{"line":35,"column":41}},"28":{"start":{"line":36,"column":8},"end":{"line":36,"column":39}},"29":{"start":{"line":37,"column":8},"end":{"line":37,"column":31}},"30":{"start":{"line":40,"column":8},"end":{"line":40,"column":173}},"31":{"start":{"line":40,"column":64},"end":{"line":40,"column":171}},"32":{"start":{"line":40,"column":99},"end":{"line":40,"column":170}},"33":{"start":{"line":43,"column":8},"end":{"line":43,"column":42}},"34":{"start":{"line":44,"column":8},"end":{"line":44,"column":29}},"35":{"start":{"line":45,"column":8},"end":{"line":45,"column":31}},"36":{"start":{"line":48,"column":8},"end":{"line":48,"column":42}},"37":{"start":{"line":51,"column":8},"end":{"line":51,"column":37}},"38":{"start":{"line":52,"column":8},"end":{"line":52,"column":36}},"39":{"start":{"line":55,"column":8},"end":{"line":59,"column":9}},"40":{"start":{"line":56,"column":12},"end":{"line":56,"column":68}},"41":{"start":{"line":57,"column":12},"end":{"line":57,"column":41}},"42":{"start":{"line":58,"column":12},"end":{"line":58,"column":43}},"43":{"start":{"line":62,"column":22},"end":{"line":62,"column":61}},"44":{"start":{"line":63,"column":8},"end":{"line":63,"column":75}},"45":{"start":{"line":66,"column":8},"end":{"line":66,"column":73}},"46":{"start":{"line":69,"column":8},"end":{"line":71,"column":9}},"47":{"start":{"line":70,"column":12},"end":{"line":70,"column":84}},"48":{"start":{"line":72,"column":35},"end":{"line":72,"column":63}},"49":{"start":{"line":73,"column":8},"end":{"line":103,"column":6}},"50":{"start":{"line":86,"column":27},"end":{"line":86,"column":61}},"51":{"start":{"line":92,"column":27},"end":{"line":92,"column":60}},"52":{"start":{"line":106,"column":8},"end":{"line":122,"column":6}},"53":{"start":{"line":119,"column":35},"end":{"line":119,"column":59}},"54":{"start":{"line":125,"column":8},"end":{"line":146,"column":6}},"55":{"start":{"line":138,"column":29},"end":{"line":138,"column":59}},"56":{"start":{"line":149,"column":8},"end":{"line":171,"column":6}},"57":{"start":{"line":151,"column":33},"end":{"line":169,"column":11}},"58":{"start":{"line":159,"column":34},"end":{"line":159,"column":84}},"59":{"start":{"line":164,"column":33},"end":{"line":164,"column":58}},"60":{"start":{"line":174,"column":8},"end":{"line":197,"column":6}},"61":{"start":{"line":178,"column":25},"end":{"line":178,"column":43}},"62":{"start":{"line":182,"column":60},"end":{"line":182,"column":65}},"63":{"start":{"line":182,"column":81},"end":{"line":189,"column":11}},"64":{"start":{"line":185,"column":30},"end":{"line":185,"column":53}},"65":{"start":{"line":192,"column":25},"end":{"line":192,"column":43}},"66":{"start":{"line":200,"column":8},"end":{"line":201,"column":24}},"67":{"start":{"line":201,"column":12},"end":{"line":201,"column":24}},"68":{"start":{"line":202,"column":8},"end":{"line":207,"column":6}},"69":{"start":{"line":204,"column":27},"end":{"line":204,"column":47}},"70":{"start":{"line":205,"column":27},"end":{"line":205,"column":55}},"71":{"start":{"line":210,"column":0},"end":{"line":330,"column":4}},"72":{"start":{"line":331,"column":0},"end":{"line":333,"column":48}},"73":{"start":{"line":334,"column":0},"end":{"line":336,"column":56}},"74":{"start":{"line":337,"column":0},"end":{"line":339,"column":50}},"75":{"start":{"line":340,"column":0},"end":{"line":342,"column":50}},"76":{"start":{"line":343,"column":0},"end":{"line":345,"column":47}},"77":{"start":{"line":346,"column":0},"end":{"line":348,"column":54}},"78":{"start":{"line":349,"column":0},"end":{"line":351,"column":57}},"79":{"start":{"line":352,"column":0},"end":{"line":355,"column":17}}},"fnMap":{"0":{"name":"(anonymous_0)","decl":{"start":{"line":1,"column":46},"end":{"line":1,"column":47}},"loc":{"start":{"line":1,"column":87},"end":{"line":6,"column":1}},"line":1},"1":{"name":"(anonymous_1)","decl":{"start":{"line":13,"column":4},"end":{"line":13,"column":5}},"loc":{"start":{"line":13,"column":18},"end":{"line":23,"column":5}},"line":13},"2":{"name":"(anonymous_2)","decl":{"start":{"line":24,"column":4},"end":{"line":24,"column":5}},"loc":{"start":{"line":24,"column":24},"end":{"line":28,"column":5}},"line":24},"3":{"name":"(anonymous_3)","decl":{"start":{"line":26,"column":43},"end":{"line":26,"column":44}},"loc":{"start":{"line":26,"column":49},"end":{"line":26,"column":68}},"line":26},"4":{"name":"(anonymous_4)","decl":{"start":{"line":29,"column":4},"end":{"line":29,"column":5}},"loc":{"start":{"line":29,"column":27},"end":{"line":32,"column":5}},"line":29},"5":{"name":"(anonymous_5)","decl":{"start":{"line":33,"column":4},"end":{"line":33,"column":5}},"loc":{"start":{"line":33,"column":19},"end":{"line":38,"column":5}},"line":33},"6":{"name":"(anonymous_6)","decl":{"start":{"line":39,"column":4},"end":{"line":39,"column":5}},"loc":{"start":{"line":39,"column":22},"end":{"line":41,"column":5}},"line":39},"7":{"name":"(anonymous_7)","decl":{"start":{"line":40,"column":55},"end":{"line":40,"column":56}},"loc":{"start":{"line":40,"column":64},"end":{"line":40,"column":171}},"line":40},"8":{"name":"(anonymous_8)","decl":{"start":{"line":40,"column":88},"end":{"line":40,"column":89}},"loc":{"start":{"line":40,"column":99},"end":{"line":40,"column":170}},"line":40},"9":{"name":"(anonymous_9)","decl":{"start":{"line":42,"column":4},"end":{"line":42,"column":5}},"loc":{"start":{"line":42,"column":20},"end":{"line":46,"column":5}},"line":42},"10":{"name":"(anonymous_10)","decl":{"start":{"line":47,"column":4},"end":{"line":47,"column":5}},"loc":{"start":{"line":47,"column":31},"end":{"line":49,"column":5}},"line":47},"11":{"name":"(anonymous_11)","decl":{"start":{"line":50,"column":4},"end":{"line":50,"column":5}},"loc":{"start":{"line":50,"column":21},"end":{"line":53,"column":5}},"line":50},"12":{"name":"(anonymous_12)","decl":{"start":{"line":54,"column":4},"end":{"line":54,"column":5}},"loc":{"start":{"line":54,"column":20},"end":{"line":60,"column":5}},"line":54},"13":{"name":"(anonymous_13)","decl":{"start":{"line":61,"column":4},"end":{"line":61,"column":5}},"loc":{"start":{"line":61,"column":28},"end":{"line":64,"column":5}},"line":61},"14":{"name":"(anonymous_14)","decl":{"start":{"line":65,"column":4},"end":{"line":65,"column":5}},"loc":{"start":{"line":65,"column":21},"end":{"line":67,"column":5}},"line":65},"15":{"name":"(anonymous_15)","decl":{"start":{"line":68,"column":4},"end":{"line":68,"column":5}},"loc":{"start":{"line":68,"column":13},"end":{"line":104,"column":5}},"line":68},"16":{"name":"(anonymous_16)","decl":{"start":{"line":86,"column":21},"end":{"line":86,"column":22}},"loc":{"start":{"line":86,"column":27},"end":{"line":86,"column":61}},"line":86},"17":{"name":"(anonymous_17)","decl":{"start":{"line":92,"column":21},"end":{"line":92,"column":22}},"loc":{"start":{"line":92,"column":27},"end":{"line":92,"column":60}},"line":92},"18":{"name":"(anonymous_18)","decl":{"start":{"line":105,"column":4},"end":{"line":105,"column":5}},"loc":{"start":{"line":105,"column":31},"end":{"line":123,"column":5}},"line":105},"19":{"name":"(anonymous_19)","decl":{"start":{"line":119,"column":26},"end":{"line":119,"column":27}},"loc":{"start":{"line":119,"column":35},"end":{"line":119,"column":59}},"line":119},"20":{"name":"(anonymous_20)","decl":{"start":{"line":124,"column":4},"end":{"line":124,"column":5}},"loc":{"start":{"line":124,"column":29},"end":{"line":147,"column":5}},"line":124},"21":{"name":"(anonymous_21)","decl":{"start":{"line":138,"column":23},"end":{"line":138,"column":24}},"loc":{"start":{"line":138,"column":29},"end":{"line":138,"column":59}},"line":138},"22":{"name":"(anonymous_22)","decl":{"start":{"line":148,"column":4},"end":{"line":148,"column":5}},"loc":{"start":{"line":148,"column":30},"end":{"line":172,"column":5}},"line":148},"23":{"name":"(anonymous_23)","decl":{"start":{"line":151,"column":24},"end":{"line":151,"column":25}},"loc":{"start":{"line":151,"column":33},"end":{"line":169,"column":11}},"line":151},"24":{"name":"(anonymous_24)","decl":{"start":{"line":159,"column":27},"end":{"line":159,"column":28}},"loc":{"start":{"line":159,"column":34},"end":{"line":159,"column":84}},"line":159},"25":{"name":"(anonymous_25)","decl":{"start":{"line":164,"column":27},"end":{"line":164,"column":28}},"loc":{"start":{"line":164,"column":33},"end":{"line":164,"column":58}},"line":164},"26":{"name":"(anonymous_26)","decl":{"start":{"line":173,"column":4},"end":{"line":173,"column":5}},"loc":{"start":{"line":173,"column":23},"end":{"line":198,"column":5}},"line":173},"27":{"name":"(anonymous_27)","decl":{"start":{"line":178,"column":19},"end":{"line":178,"column":20}},"loc":{"start":{"line":178,"column":25},"end":{"line":178,"column":43}},"line":178},"28":{"name":"(anonymous_28)","decl":{"start":{"line":182,"column":50},"end":{"line":182,"column":51}},"loc":{"start":{"line":182,"column":60},"end":{"line":182,"column":65}},"line":182},"29":{"name":"(anonymous_29)","decl":{"start":{"line":182,"column":71},"end":{"line":182,"column":72}},"loc":{"start":{"line":182,"column":81},"end":{"line":189,"column":11}},"line":182},"30":{"name":"(anonymous_30)","decl":{"start":{"line":185,"column":23},"end":{"line":185,"column":24}},"loc":{"start":{"line":185,"column":30},"end":{"line":185,"column":53}},"line":185},"31":{"name":"(anonymous_31)","decl":{"start":{"line":192,"column":19},"end":{"line":192,"column":20}},"loc":{"start":{"line":192,"column":25},"end":{"line":192,"column":43}},"line":192},"32":{"name":"(anonymous_32)","decl":{"start":{"line":199,"column":4},"end":{"line":199,"column":5}},"loc":{"start":{"line":199,"column":24},"end":{"line":208,"column":5}},"line":199},"33":{"name":"(anonymous_33)","decl":{"start":{"line":204,"column":21},"end":{"line":204,"column":22}},"loc":{"start":{"line":204,"column":27},"end":{"line":204,"column":47}},"line":204},"34":{"name":"(anonymous_34)","decl":{"start":{"line":205,"column":20},"end":{"line":205,"column":21}},"loc":{"start":{"line":205,"column":27},"end":{"line":205,"column":55}},"line":205}},"branchMap":{"0":{"loc":{"start":{"line":1,"column":17},"end":{"line":6,"column":1}},"type":"binary-expr","locations":[{"start":{"line":1,"column":18},"end":{"line":1,"column":22}},{"start":{"line":1,"column":26},"end":{"line":1,"column":41}},{"start":{"line":1,"column":46},"end":{"line":6,"column":1}}],"line":1},"1":{"loc":{"start":{"line":2,"column":34},"end":{"line":2,"column":125}},"type":"cond-expr","locations":[{"start":{"line":2,"column":42},"end":{"line":2,"column":48}},{"start":{"line":2,"column":51},"end":{"line":2,"column":125}}],"line":2},"2":{"loc":{"start":{"line":2,"column":51},"end":{"line":2,"column":125}},"type":"cond-expr","locations":[{"start":{"line":2,"column":67},"end":{"line":2,"column":118}},{"start":{"line":2,"column":121},"end":{"line":2,"column":125}}],"line":2},"3":{"loc":{"start":{"line":3,"column":4},"end":{"line":4,"column":150}},"type":"if","locations":[{"start":{"line":3,"column":4},"end":{"line":4,"column":150}},{"start":{"line":4,"column":9},"end":{"line":4,"column":150}}],"line":3},"4":{"loc":{"start":{"line":3,"column":8},"end":{"line":3,"column":77}},"type":"binary-expr","locations":[{"start":{"line":3,"column":8},"end":{"line":3,"column":35}},{"start":{"line":3,"column":39},"end":{"line":3,"column":77}}],"line":3},"5":{"loc":{"start":{"line":4,"column":58},"end":{"line":4,"column":150}},"type":"if","locations":[{"start":{"line":4,"column":58},"end":{"line":4,"column":150}},{"start":{},"end":{}}],"line":4},"6":{"loc":{"start":{"line":4,"column":85},"end":{"line":4,"column":149}},"type":"binary-expr","locations":[{"start":{"line":4,"column":86},"end":{"line":4,"column":143}},{"start":{"line":4,"column":148},"end":{"line":4,"column":149}}],"line":4},"7":{"loc":{"start":{"line":4,"column":86},"end":{"line":4,"column":143}},"type":"cond-expr","locations":[{"start":{"line":4,"column":94},"end":{"line":4,"column":98}},{"start":{"line":4,"column":101},"end":{"line":4,"column":143}}],"line":4},"8":{"loc":{"start":{"line":4,"column":101},"end":{"line":4,"column":143}},"type":"cond-expr","locations":[{"start":{"line":4,"column":109},"end":{"line":4,"column":126}},{"start":{"line":4,"column":129},"end":{"line":4,"column":143}}],"line":4},"9":{"loc":{"start":{"line":5,"column":11},"end":{"line":5,"column":62}},"type":"binary-expr","locations":[{"start":{"line":5,"column":11},"end":{"line":5,"column":16}},{"start":{"line":5,"column":20},"end":{"line":5,"column":21}},{"start":{"line":5,"column":25},"end":{"line":5,"column":62}}],"line":5},"10":{"loc":{"start":{"line":55,"column":8},"end":{"line":59,"column":9}},"type":"if","locations":[{"start":{"line":55,"column":8},"end":{"line":59,"column":9}},{"start":{},"end":{}}],"line":55},"11":{"loc":{"start":{"line":69,"column":8},"end":{"line":71,"column":9}},"type":"if","locations":[{"start":{"line":69,"column":8},"end":{"line":71,"column":9}},{"start":{},"end":{}}],"line":69},"12":{"loc":{"start":{"line":85,"column":20},"end":{"line":85,"column":61}},"type":"cond-expr","locations":[{"start":{"line":85,"column":48},"end":{"line":85,"column":56}},{"start":{"line":85,"column":59},"end":{"line":85,"column":61}}],"line":85},"13":{"loc":{"start":{"line":91,"column":20},"end":{"line":91,"column":60}},"type":"cond-expr","locations":[{"start":{"line":91,"column":47},"end":{"line":91,"column":55}},{"start":{"line":91,"column":58},"end":{"line":91,"column":60}}],"line":91},"14":{"loc":{"start":{"line":99,"column":8},"end":{"line":101,"column":53}},"type":"cond-expr","locations":[{"start":{"line":100,"column":14},"end":{"line":100,"column":54}},{"start":{"line":101,"column":14},"end":{"line":101,"column":53}}],"line":99},"15":{"loc":{"start":{"line":184,"column":22},"end":{"line":184,"column":63}},"type":"cond-expr","locations":[{"start":{"line":184,"column":50},"end":{"line":184,"column":58}},{"start":{"line":184,"column":61},"end":{"line":184,"column":63}}],"line":184},"16":{"loc":{"start":{"line":200,"column":8},"end":{"line":201,"column":24}},"type":"if","locations":[{"start":{"line":200,"column":8},"end":{"line":201,"column":24}},{"start":{},"end":{}}],"line":200}},"s":{"0":0,"1":0,"2":0,"3":0,"4":0,"5":0,"6":0,"7":0,"8":0,"9":0,"10":0,"11":0,"12":0,"13":0,"14":0,"15":0,"16":0,"17":0,"18":0,"19":0,"20":0,"21":0,"22":0,"23":0,"24":0,"25":0,"26":0,"27":0,"28":0,"29":0,"30":0,"31":0,"32":0,"33":0,"34":0,"35":0,"36":0,"37":0,"38":0,"39":0,"40":0,"41":0,"42":0,"43":0,"44":0,"45":0,"46":0,"47":0,"48":0,"49":0,"50":0,"51":0,"52":0,"53":0,"54":0,"55":0,"56":0,"57":0,"58":0,"59":0,"60":0,"61":0,"62":0,"63":0,"64":0,"65":0,"66":0,"67":0,"68":0,"69":0,"70":0,"71":0,"72":0,"73":0,"74":0,"75":0,"76":0,"77":0,"78":0,"79":0},"f":{"0":0,"1":0,"2":0,"3":0,"4":0,"5":0,"6":0,"7":0,"8":0,"9":0,"10":0,"11":0,"12":0,"13":0,"14":0,"15":0,"16":0,"17":0,"18":0,"19":0,"20":0,"21":0,"22":0,"23":0,"24":0,"25":0,"26":0,"27":0,"28":0,"29":0,"30":0,"31":0,"32":0,"33":0,"34":0},"b":{"0":[0,0,0],"1":[0,0],"2":[0,0],"3":[0,0],"4":[0,0],"5":[0,0],"6":[0,0],"7":[0,0],"8":[0,0],"9":[0,0,0],"10":[0,0],"11":[0,0],"12":[0,0],"13":[0,0],"14":[0,0],"15":[0,0],"16":[0,0]},"inputSourceMap":{"version":3,"file":"C:/Users/hazal/Desktop/lint-element/lint-element/src/components/employee-list/employee-list.ts","sources":["C:/Users/hazal/Desktop/lint-element/lint-element/src/componen
[...]
":23},"end":{"line":10,"column":73}},"3":{"start":{"line":11,"column":27},"end":{"line":20,"column":1}},"4":{"start":{"line":12,"column":21},"end":{"line":16,"column":5}},"5":{"start":{"line":18,"column":4},"end":{"line":18,"column":63}},"6":{"start":{"line":19,"column":4},"end":{"line":19,"column":20}},"7":{"start":{"line":21,"column":25},"end":{"line":32,"column":1}},"8":{"start":{"line":22,"column":4},"end":{"line":31,"column":5}},"9":{"start":{"line":24,"column":12},"end":{"line":24,"column":46}},"10":{"start":{"line":26,"column":12},"end":{"line":26,"column":104}},"11":{"start":{"line":26,"column":41},"end":{"line":26,"column":102}},"12":{"start":{"line":28,"column":12},"end":{"line":28,"column":76}},"13":{"start":{"line":28,"column":44},"end":{"line":28,"column":74}},"14":{"start":{"line":30,"column":12},"end":{"line":30,"column":25}},"15":{"start":{"line":33,"column":24},"end":{"line":38,"column":1}},"16":{"start":{"line":34,"column":4},"end":{"line":36,"column":5}},"17":{"start":{"line":35,"column":8},"end":{"line":35,"column":30}},"18":{"start":{"line":37,"column":4},"end":{"line":37,"column":17}},"19":{"start":{"line":39,"column":24},"end":{"line":47,"column":1}},"20":{"start":{"line":40,"column":4},"end":{"line":45,"column":5}},"21":{"start":{"line":41,"column":24},"end":{"line":41,"column":38}},"22":{"start":{"line":42,"column":8},"end":{"line":42,"column":48}},"23":{"start":{"line":43,"column":8},"end":{"line":43,"column":27}},"24":{"start":{"line":44,"column":8},"end":{"line":44,"column":23}},"25":{"start":{"line":46,"column":4},"end":{"line":46,"column":17}}},"fnMap":{"0":{"name":"(anonymous_0)","decl":{"start":{"line":11,"column":27},"end":{"line":11,"column":28}},"loc":{"start":{"line":11,"column":63},"end":{"line":20,"column":1}},"line":11},"1":{"name":"(anonymous_1)","decl":{"start":{"line":21,"column":25},"end":{"line":21,"column":26}},"loc":{"start":{"line":21,"column":49},"end":{"line":32,"column":1}},"line":21},"2":{"name":"(anonymous_2)","decl":{"start":{"line":26,"column":29},"end":{"line":26,"column":30}},"loc":{"start":{"line":26,"column":41},"end":{"line":26,"column":102}},"line":26},"3":{"name":"(anonymous_3)","decl":{"start":{"line":28,"column":32},"end":{"line":28,"column":33}},"loc":{"start":{"line":28,"column":44},"end":{"line":28,"column":74}},"line":28},"4":{"name":"(anonymous_4)","decl":{"start":{"line":33,"column":24},"end":{"line":33,"column":25}},"loc":{"start":{"line":33,"column":53},"end":{"line":38,"column":1}},"line":33},"5":{"name":"(anonymous_5)","decl":{"start":{"line":39,"column":24},"end":{"line":39,"column":25}},"loc":{"start":{"line":39,"column":50},"end":{"line":47,"column":1}},"line":39}},"branchMap":{"0":{"loc":{"start":{"line":6,"column":14},"end":{"line":6,"column":51}},"type":"binary-expr","locations":[{"start":{"line":6,"column":14},"end":{"line":6,"column":43}},{"start":{"line":6,"column":47},"end":{"line":6,"column":51}}],"line":6},"1":{"loc":{"start":{"line":10,"column":23},"end":{"line":10,"column":73}},"type":"cond-expr","locations":[{"start":{"line":10,"column":36},"end":{"line":10,"column":58}},{"start":{"line":10,"column":61},"end":{"line":10,"column":73}}],"line":10},"2":{"loc":{"start":{"line":11,"column":28},"end":{"line":11,"column":50}},"type":"default-arg","locations":[{"start":{"line":11,"column":36},"end":{"line":11,"column":50}}],"line":11},"3":{"loc":{"start":{"line":21,"column":26},"end":{"line":21,"column":36}},"type":"default-arg","locations":[{"start":{"line":21,"column":34},"end":{"line":21,"column":36}}],"line":21},"4":{"loc":{"start":{"line":22,"column":4},"end":{"line":31,"column":5}},"type":"switch","locations":[{"start":{"line":23,"column":8},"end":{"line":24,"column":46}},{"start":{"line":25,"column":8},"end":{"line":26,"column":104}},{"start":{"line":27,"column":8},"end":{"line":28,"column":76}},{"start":{"line":29,"column":8},"end":{"line":30,"column":25}}],"line":22},"5":{"loc":{"start":{"line":26,"column":41},"end":{"line":26,"column":102}},"type":"cond-expr","locations":[{"start":{"line":26,"column":77},"end":{"line":26,"column":91}},{"start":{"line":26,"column":94},"end":{"line":26,"column":102}}],"line":26},"6":{"loc":{"start":{"line":33,"column":25},"end":{"line":33,"column":40}},"type":"default-arg","locations":[{"start":{"line":33,"column":33},"end":{"line":33,"column":40}}],"line":33},"7":{"loc":{"start":{"line":34,"column":4},"end":{"line":36,"column":5}},"type":"if","locations":[{"start":{"line":34,"column":4},"end":{"line":36,"column":5}},{"start":{},"end":{}}],"line":34},"8":{"loc":{"start":{"line":39,"column":25},"end":{"line":39,"column":37}},"type":"default-arg","locations":[{"start":{"line":39,"column":33},"end":{"line":39,"column":37}}],"line":39},"9":{"loc":{"start":{"line":40,"column":4},"end":{"line":45,"column":5}},"type":"if","locations":[{"start":{"line":40,"column":4},"end":{"line":45,"column":5}},{"start":{},"end":{}}],"line":40}},"s":{"0":0,"1":0,"2":0,"3":0,"4":0,"5":0,"6":0,"7":0,"8":0,"9":0,"10":0,"11":0,"12":0,"13":0,"14":0,"15":0,"16":0,"17":0,"18":0,"19":0,"20":0,"21":0,"22":0,"23":0,"24":0,"25":0},"f":{"0":0,"1":0,"2":0,"3":0,"4":0,"5":0},"b":{"0":[0,0],"1":[0,0],"2":[0],"3":[0],"4":[0,0,0,0],"5":[0,0],"6":[0],"7":[0,0],"8":[0],"9":[0,0]},"inputSourceMap":{"version":3,"file":"C:/Users/hazal/Desktop/lint-element/lint-element/src/store/reducers.ts","sources":["C:/Users/hazal/Desktop/lint-element/lint-element/src/store/reducers.ts"],"names":[],"mappings":"AACA,OAAO,EACL,YAAY,EACZ,eAAe,EACf,eAAe,EACf,aAAa,EACb,YAAY,EAEb,MAAM,WAAW,CAAC;AACnB,OAAO,EAAE,SAAS,EAAE,MAAM,wBAAwB,CAAC;AAQnD,MAAM,YAAY,GAAa;IAC7B,SAAS,EAAE,EAAE;IACb,QAAQ,EAAE,OAAO;IACjB,QAAQ,EAAE,QAAQ,CAAC,eAAe,CAAC,IAAmB,IAAI,IAAI;CAC/D,CAAC;AAEF,4CAA4C;AAC5C,MAAM,UAAU,GAAG,YAAY,CAAC,OAAO,CAAC,UAAU,CAAC,CAAC;AACpD,MAAM,cAAc,GAAG,UAAU,CAAC,CAAC,CAAC,IAAI,CAAC,KAAK,CAAC,UAAU,CAAC,CAAC,CAAC,CAAC,YAAY,CAAC;AAE1E,MAAM,CAAC,MAAM,WAAW,GAAG,CAAC,KAAK,GAAG,cAAc,EAAE,MAAsB,EAAY,EAAE;IACtF,MAAM,QAAQ,GAAG;QACf,SAAS,EAAE,gBAAgB,CAAC,KAAK,CAAC,SAAS,EAAE,MAAM,CAAC;QACpD,QAAQ,EAAE,eAAe,CAAC,KAAK,CAAC,QAAQ,EAAE,MAAM,CAAC;QACjD,QAAQ,EAAE,eAAe,CAAC,KAAK,CAAC,QAAQ,EAAE,MAAM,CAAC;KAClD,CAAC;IAEF,6BAA6B;IAC7B,YAAY,CAAC,OAAO,CAAC,UAAU,EAAE,IAAI,CAAC,SAAS,CAAC,QAAQ,CAAC,CAAC,CAAC;IAC3D,OAAO,QAAQ,CAAC;AAClB,CAAC,CAAC;AAEF,MAAM,gBAAgB,GAAG,CAAC,QAAoB,EAAE,EAAE,MAAsB,EAAc,EAAE;IACtF,QAAQ,MAAM,CAAC,IAAI,EAAE,CAAC;QACpB,KAAK,YAAY;YACf,OAAO,CAAC,GAAG,KAAK,EAAE,MAAM,CAAC,OAAO,CAAC,CAAC;QAEpC,KAAK,eAAe;YAClB,OAAO,KAAK,CAAC,GAAG,CAAC,QAAQ,CAAC,EAAE,CAC1B,QAAQ,CAAC,EAAE,KAAK,MAAM,CAAC,OAAO,CAAC,EAAE,CAAC,CAAC,CAAC,MAAM,CAAC,OAAO,CAAC,CAAC,CAAC,QAAQ,CAC9D,CAAC;QAEJ,KAAK,eAAe;YAClB,OAAO,KAAK,CAAC,MAAM,CAAC,QAAQ,CAAC,EAAE,CAAC,QAAQ,CAAC,EAAE,KAAK,MAAM,CAAC,OAAO,CAAC,CAAC;QAElE;YACE,OAAO,KAAK,CAAC;IACjB,CAAC;AACH,CAAC,CAAC;AAEF,MAAM,eAAe,GAAG,CAAC,QAA0B,OAAO,EAAE,MAAsB,EAAoB,EAAE;IACtG,IAAI,MAAM,CAAC,IAAI,KAAK,aAAa,EAAE,CAAC;QAClC,OAAO,MAAM,CAAC,OAAO,CAAC;IACxB,CAAC;IACD,OAAO,KAAK,CAAC;AACf,CAAC,CAAC;AAEF,MAAM,eAAe,GAAG,CAAC,QAAqB,IAAI,EAAE,MAAsB,EAAe,EAAE;IACzF,IAAI,MAAM,CAAC,IAAI,KAAK,YAAY,EAAE,CAAC;QACjC,MAAM,OAAO,GAAG,MAAM,CAAC,OAAO,CAAC;QAC/B,QAAQ,CAAC,eAAe,CAAC,IAAI,GAAG,OAAO,CAAC;QACxC,SAAS,CAAC,OAAO,CAAC,CAAC,CAAC,sBAAsB;QAC1C,OAAO,OAAO,CAAC;IACjB,CAAC;IACD,OAAO,KAAK,CAAC;AACf,CAAC,CAAC","sourcesContent":["import { Employee } from '../models/employee.model';\nimport {\n  ADD_EMPLOYEE,\n  UPDATE_EMPLOYEE,\n  DELETE_EMPLOYEE,\n  SET_VIEW_MODE,\n  SET_LANGUAGE,\n  EmployeeAction\n} from './actions';\nimport { setLocale } from '../config/localization';\n\nexport interface AppState {\n  employees: Employee[];\n  viewMode: 'table' | 'list';\n  language: 'en' | 'tr';\n}\n\nconst initialState: AppState = {\n  employees: [],\n  viewMode: 'table',\n  language: document.documentElement.lang as 'en' | 'tr' || 'en'\n};\n\n// Load state from localStorage if available\nconst savedState = localStorage.getItem('appState');\nconst persistedState = savedState ? JSON.parse(savedState) : initialState;\n\nexport const rootReducer = (state = persistedState, action: EmployeeAction): AppState => {\n  const newState = {\n    employees: employeesReducer(state.employees, action),\n    viewMode: viewModeReducer(state.viewMode, action),\n    language: languageReducer(state.language, action)\n  };\n\n  // Save state to localStorage\n  localStorage.setItem('appState', JSON.stringify(newState));\n  return newState;\n};\n\nconst employeesReducer = (state: Employee[] = [], action: EmployeeAction): Employee[] => {\n  switch (action.type) {\n    case ADD_EMPLOYEE:\n      return [...state, action.payload];\n    \n    case UPDATE_EMPLOYEE:\n      return state.map(employee => \n        employee.id === action.payload.id ? action.payload : employee\n      );\n    \n    case DELETE_EMPLOYEE:\n      return state.filter(employee => employee.id !== action.payload);\n    \n    default:\n      return state;\n  }\n};\n\nconst viewModeReducer = (state: 'table' | 'list' = 'table', action: EmployeeAction): 'table' | 'list' => {\n  if (action.type === SET_VIEW_MODE) {\n    return action.payload;\n  }\n  return state;\n};\n\nconst languageReducer = (state: 'en' | 'tr' = 'en', action: EmployeeAction): 'en' | 'tr' => {\n  if (action.type === SET_LANGUAGE) {\n    const newLang = action.payload;\n    document.documentElement.lang = newLang;\n    setLocale(newLang); // Update lit-localize\n    return newLang;\n  }\n  return state;\n}; "]},"all":true},"C:\\Users\\hazal\\Desktop\\lint-element\\lint-element\\src\\store\\store.ts":{"path":"C:\\Users\\hazal\\Desktop\\lint-element\\lint-element\\src\\store\\store.ts","statementMap":{"0":{"start":{"line":3,"column":21},"end":{"line":3,"column":86}},"1":{"start":{"line":5,"column":24},"end":{"line":5,"column":38}},"2":{"start":{"line":6,"column":24},"end":{"line":6,"column":46}},"3":{"start":{"line":6,"column":30},"end":{"line":6,"column":46}}},"fnMap":{"0":{"name":"(anonymous_0)","decl":{"start":{"line":6,"column":24},"end":{"line":6,"column":25}},"loc":{"start":{"line":6,"column":30},"end":{"line":6,"column":46}},"line":6}},"branchMap":{},"s":{"0":0,"1":0,"2":0,"3":0},"f":{"0":0},"b":{},"inputSourceMap":{"version":3,"file":"C:/Users/hazal/Desktop/lint-element/lint-element/src/store/store.ts","sources":["C:/Users/hazal/Desktop/lint-element/lint-element/src/store/store.ts"],"names":[],"mappings":"AAAA,OAAO,EAAE,WAAW,EAAE,MAAM,OAAO,CAAC;AACpC,OAAO,EAAE,WAAW,EAAY,MAAM,YAAY,CAAC;AAEnD,MAAM,CAAC,MAAM,KAAK,GAAG,WAAW,CAC9B,WAAW,EACV,MAAc,CAAC,4BAA4B,EAAE,EAAE,CACjD,CAAC;AAEF,yDAAyD;AACzD,MAAM,CAAC,MAAM,QAAQ,GAAG,KAAK,CAAC,QAAQ,CAAC;AACvC,MAAM,CAAC,MAAM,QAAQ,GAAG,GAAa,EAAE,CAAC,KAAK,CAAC,QAAQ,EAAE,CAAC","sourcesContent":["import { createStore } from 'redux';\nimport { rootReducer, AppState } from './reducers';\n\nexport const store = createStore(\n  rootReducer,\n  (window as any).__REDUX_DEVTOOLS_EXTENSION__?.()\n);\n\n// Type-safe dispatch ve state için yardımcı fonksiyonlar\nexport const dispatch = store.dispatch;\nexport const getState = (): AppState => store.getState(); "]},"all":true},"C:\\Users\\hazal\\Desktop\\lint-element\\lint-element\\src\\types\\employee.ts":{"path":"C:\\Users\\hazal\\Desktop\\lint-element\\lint-element\\src\\types\\employee.ts","statementMap":{},"fnMap":{},"branchMap":{},"s":{},"f":{},"b":{},"inputSourceMap":{"version":3,"file":"C:/Users/hazal/Desktop/lint-element/lint-element/src/types/employee.ts","sources":["C:/Users/hazal/Desktop/lint-element/lint-element/src/types/employee.ts"],"names":[],"mappings":"","sourcesContent":["export type Employee = {\n  id: `${string}-${string}-${string}-${string}-${string}`;\n  firstName: string;\n  lastName: string;\n  email: string;\n  phoneNumber: string;\n  department: 'Tech' | 'Analytics';\n  position: 'Junior' | 'Medior' | 'Senior';\n  dateOfEmployment: string;\n  dateOfBirth: string;\n}; "]},"all":true},"C:\\Users\\hazal\\Desktop\\lint-element\\lint-element\\src\\utils\\validation.ts":{"path":"C:\\Users\\hazal\\Desktop\\lint-element\\lint-element\\src\\utils\\validation.ts","statementMap":{"0":{"start":{"line":3,"column":8},"end":{"line":3,"column":25}},"1":{"start":{"line":6,"column":8},"end":{"line":11,"column":9}},"2":{"start":{"line":7,"column":12},"end":{"line":10,"column":15}},"3":{"start":{"line":12,"column":8},"end":{"line":12,"column":20}},"4":{"start":{"line":15,"column":27},"end":{"line":15,"column":55}},"5":{"start":{"line":16,"column":8},"end":{"line":21,"column":9}},"6":{"start":{"line":17,"column":12},"end":{"line":20,"column":15}},"7":{"start":{"line":22,"column":8},"end":{"line":22,"column":20}},"8":{"start":{"line":26,"column":27},"end":{"line":26,"column":46}},"9":{"start":{"line":27,"column":27},"end":{"line":27,"column":51}},"10":{"start":{"line":28,"column":8},"end":{"line":33,"column":9}},"11":{"start":{"line":29,"column":12},"end":{"line":32,"column":15}},"12":{"start":{"line":34,"column":8},"end":{"line":34,"column":20}},"13":{"start":{"line":37,"column":26},"end":{"line":37,"column":47}},"14":{"start":{"line":38,"column":8},"end":{"line":43,"column":9}},"15":{"start":{"line":39,"column":12},"end":{"line":42,"column":15}},"16":{"start":{"line":44,"column":8},"end":{"line":44,"column":20}},"17":{"start":{"line":47,"column":8},"end":{"line":47,"column":38}},"18":{"start":{"line":50,"column":8},"end":{"line":50,"column":27}},"19":{"start":{"line":53,"column":8},"end":{"line":53,"column":25}}},"fnMap":{"0":{"name":"(anonymous_0)","decl":{"start":{"line":2,"column":4},"end":{"line":2,"column":5}},"loc":{"start":{"line":2,"column":18},"end":{"line":4,"column":5}},"line":2},"1":{"name":"(anonymous_1)","decl":{"start":{"line":5,"column":4},"end":{"line":5,"column":5}},"loc":{"start":{"line":5,"column":27},"end":{"line":13,"column":5}},"line":5},"2":{"name":"(anonymous_2)","decl":{"start":{"line":14,"column":4},"end":{"line":14,"column":5}},"loc":{"start":{"line":14,"column":24},"end":{"line":23,"column":5}},"line":14},"3":{"name":"(anonymous_3)","decl":{"start":{"line":24,"column":4},"end":{"line":24,"column":5}},"loc":{"start":{"line":24,"column":24},"end":{"line":35,"column":5}},"line":24},"4":{"name":"(anonymous_4)","decl":{"start":{"line":36,"column":4},"end":{"line":36,"column":5}},"loc":{"start":{"line":36,"column":23},"end":{"line":45,"column":5}},"line":36},"5":{"name":"(anonymous_5)","decl":{"start":{"line":46,"column":4},"end":{"line":46,"column":5}},"loc":{"start":{"line":46,"column":16},"end":{"line":48,"column":5}},"line":46},"6":{"name":"(anonymous_6)","decl":{"start":{"line":49,"column":4},"end":{"line":49,"column":5}},"loc":{"start":{"line":49,"column":16},"end":{"line":51,"column":5}},"line":49},"7":{"name":"(anonymous_7)","decl":{"start":{"line":52,"column":4},"end":{"line":52,"column":5}},"loc":{"start":{"line":52,"column":18},"end":{"line":54,"column":5}},"line":52}},"branchMap":{"0":{"loc":{"start":{"line":6,"column":8},"end":{"line":11,"column":9}},"type":"if","locations":[{"start":{"line":6,"column":8},"end":{"line":11,"column":9}},{"start":{},"end":{}}],"line":6},"1":{"loc":{"start":{"line":6,"column":12},"end":{"line":6,"column":41}},"type":"binary-expr","locations":[{"start":{"line":6,"column":12},"end":{"line":6,"column":18}},{"start":{"line":6,"column":22},"end":{"line":6,"column":41}}],"line":6},"2":{"loc":{"start":{"line":16,"column":8},"end":{"line":21,"column":9}},"type":"if","locations":[{"start":{"line":16,"column":8},"end":{"line":21,"column":9}},{"start":{},"end":{}}],"line":16},"3":{"loc":{"start":{"line":16,"column":12},"end":{"line":16,"column":44}},"type":"binary-expr","locations":[{"start":{"line":16,"column":12},"end":{"line":16,"column":17}},{"start":{"line":16,"column":21},"end":{"line":16,"column":44}}],"line":16},"4":{"loc":{"start":{"line":28,"column":8},"end":{"line":33,"column":9}},"type":"if","locations":[{"start":{"line":28,"column":8},"end":{"line":33,"column":9}},{"start":{},"end":{}}],"line":28},"5":{"loc":{"start":{"line":28,"column":12},"end":{"line":28,"column":49}},"type":"binary-expr","locations":[{"start":{"line":28,"column":12},"end":{"line":28,"column":17}},{"start":{"line":28,"column":21},"end":{"line":28,"column":49}}],"line":28},"6":{"loc":{"start":{"line":38,"column":8},"end":{"line":43,"column":9}},"type":"if","locations":[{"start":{"line":38,"column":8},"end":{"line":43,"column":9}},{"start":{},"end":{}}],"line":38},"7":{"loc":{"start":{"line":38,"column":12},"end":{"line":38,"column":43}},"type":"binary-expr","locations":[{"start":{"line":38,"column":12},"end":{"line":38,"column":17}},{"start":{"line":38,"column":21},"end":{"line":38,"column":43}}],"line":38}},"s":{"0":0,"1":0,"2":0,"3":0,"4":0,"5":0,"6":0,"7":0,"8":0,"9":0,"10":0,"11":0,"12":0,"13":0,"14":0,"15":0,"16":0,"17":0,"18":0,"19":0},"f":{"0":0,"1":0,"2":0,"3":0,"4":0,"5":0,"6":0,"7":0},"b":{"0":[0,0],"1":[0,0],"2":[0,0],"3":[0,0],"4":[0,0],"5":[0,0],"6":[0,0],"7":[0,0]},"inputSourceMap":{"version":3,"file":"C:/Users/hazal/Desktop/lint-element/lint-element/src/utils/validation.ts","sources":["C:/Users/hazal/Desktop/lint-element/lint-element/src/utils/validation.ts"],"names":[],"mappings":"AAKA,MAAM,OAAO,SAAS;IAAtB;QACU,WAAM,GAAsB,EAAE,CAAC;IA2DzC,CAAC;IAzDC,QAAQ,CAAC,KAAU,EAAE,KAAa;QAChC,IAAI,CAAC,KAAK,IAAI,KAAK,CAAC,IAAI,EAAE,KAAK,EAAE,EAAE,CAAC;YAClC,IAAI,CAAC,MAAM,CAAC,IAAI,CAAC;gBACf,KAAK;gBACL,OAAO,EAAE,GAAG,KAAK,cAAc;aAChC,CAAC,CAAC;QACL,CAAC;QACD,OAAO,IAAI,CAAC;IACd,CAAC;IAED,KAAK,CAAC,KAAa,EAAE,KAAa;QAChC,MAAM,UAAU,GAAG,4BAA4B,CAAC;QAChD,IAAI,KAAK,IAAI,CAAC,UAAU,CAAC,IAAI,CAAC,KAAK,CAAC,EAAE,CAAC;YACrC,IAAI,CAAC,MAAM,CAAC,IAAI,CAAC;gBACf,KAAK;gBACL,OAAO,EAAE,oCAAoC;aAC9C,CAAC,CAAC;QACL,CAAC;QACD,OAAO,IAAI,CAAC;IACd,CAAC;IAED,KAAK,CAAC,KAAa,EAAE,KAAa;QAChC,4CAA4C;QAC5C,MAAM,UAAU,GAAG,mBAAmB,CAAC;QACvC,MAAM,UAAU,GAAG,KAAK,CAAC,OAAO,CAAC,KAAK,EAAE,EAAE,CAAC,CAAC,CAAC,oBAAoB;QAEjE,IAAI,KAAK,IAAI,CAAC,UAAU,CAAC,IAAI,CAAC,UAAU,CAAC,EAAE,CAAC;YAC1C,IAAI,CAAC,MAAM,CAAC,IAAI,CAAC;gBACf,KAAK;gBACL,OAAO,EAAE,wDAAwD;aAClE,CAAC,CAAC;QACL,CAAC;QACD,OAAO,IAAI,CAAC;IACd,CAAC;IAED,IAAI,CAAC,KAAa,EAAE,KAAa;QAC/B,MAAM,SAAS,GAAG,qBAAqB,CAAC;QACxC,IAAI,KAAK,IAAI,CAAC,SAAS,CAAC,IAAI,CAAC,KAAK,CAAC,EAAE,CAAC;YACpC,IAAI,CAAC,MAAM,CAAC,IAAI,CAAC;gBACf,KAAK;gBACL,OAAO,EAAE,wCAAwC;aAClD,CAAC,CAAC;QACL,CAAC;QACD,OAAO,IAAI,CAAC;IACd,CAAC;IAED,SAAS;QACP,OAAO,IAAI,CAAC,MAAM,CAAC,MAAM,GAAG,CAAC,CAAC;IAChC,CAAC;IAED,SAAS;QACP,OAAO,IAAI,CAAC,MAAM,CAAC;IACrB,CAAC;IAED,WAAW;QACT,IAAI,CAAC,MAAM,GAAG,EAAE,CAAC;IACnB,CAAC;CACF","sourcesContent":["export interface ValidationError {\n  field: string;\n  message: string;\n}\n\nexport class Validator {\n  private errors: ValidationError[] = [];\n\n  required(value: any, field: string): Validator {\n    if (!value || value.trim() === '') {\n      this.errors.push({\n        field,\n        message: `${field} is required`\n      });\n    }\n    return this;\n  }\n\n  email(value: string, field: string): Validator {\n    const emailRegex = /^[^\\s@]+@[^\\s@]+\\.[^\\s@]+$/;\n    if (value && !emailRegex.test(value)) {\n      this.errors.push({\n        field,\n        message: `Please enter a valid email address`\n      });\n    }\n    return this;\n  }\n\n  phone(value: string, field: string): Validator {\n    // Sadece rakamlar ve + işareti kabul edilir\n    const phoneRegex = /^\\+?[0-9]{10,15}$/;\n    const digitsOnly = value.replace(/\\s/g, ''); // Boşlukları kaldır\n    \n    if (value && !phoneRegex.test(digitsOnly)) {\n      this.errors.push({\n        field,\n        message: `Please enter a valid phone number (e.g. +905321234567)`\n      });\n    }\n    return this;\n  }\n\n  date(value: string, field: string): Validator {\n    const dateRegex = /^\\d{4}-\\d{2}-\\d{2}$/;\n    if (value && !dateRegex.test(value)) {\n      this.errors.push({\n        field,\n        message: `Please enter a valid date (YYYY-MM-DD)`\n      });\n    }\n    return this;\n  }\n\n  hasErrors(): boolean {\n    return this.errors.length > 0;\n  }\n\n  getErrors(): ValidationError[] {\n    return this.errors;\n  }\n\n  clearErrors() {\n    this.errors = [];\n  }\n} "]},"all":true}}