TN:
SF:src\app.ts
FN:37,(anonymous_1)
FN:52,(anonymous_2)
FNF:2
FNH:0
FNDA:0,(anonymous_1)
FNDA:0,(anonymous_2)
DA:13,0
DA:14,0
DA:38,0
DA:40,0
DA:48,0
DA:49,0
DA:53,0
LF:7
LH:0
BRDA:48,0,0,0
BRDA:48,0,1,0
BRF:2
BRH:0
end_of_record
TN:
SF:src\components\base-element.ts
FN:3,(anonymous_0)
FN:4,(anonymous_1)
FN:6,(anonymous_2)
FN:11,(anonymous_3)
FNF:4
FNH:0
FNDA:0,(anonymous_0)
FNDA:0,(anonymous_1)
FNDA:0,(anonymous_2)
FNDA:0,(anonymous_3)
DA:4,0
DA:7,0
DA:8,0
DA:12,0
DA:13,0
LF:5
LH:0
BRF:0
BRH:0
end_of_record
TN:
SF:src\components\delete-modal\delete-modal.ts
FN:6,(anonymous_1)
FN:7,(anonymous_2)
FN:8,(anonymous_3)
FN:67,(anonymous_4)
FN:70,(anonymous_5)
FNF:5
FNH:0
FNDA:0,(anonymous_1)
FNDA:0,(anonymous_2)
FNDA:0,(anonymous_3)
FNDA:0,(anonymous_4)
FNDA:0,(anonymous_5)
DA:6,0
DA:7,0
DA:8,0
DA:10,0
DA:68,0
DA:70,0
LF:6
LH:0
BRF:0
BRH:0
end_of_record
TN:
SF:src\components\employee-form\employee-form.ts
FN:12,(anonymous_1)
FN:32,(anonymous_2)
FN:45,(anonymous_3)
FN:54,(anonymous_4)
FN:58,(anonymous_5)
FN:67,(anonymous_6)
FN:74,(anonymous_7)
FN:107,(anonymous_8)
FN:115,(anonymous_9)
FN:132,(anonymous_10)
FN:172,(anonymous_11)
FN:173,(anonymous_12)
FN:256,(anonymous_13)
FN:266,(anonymous_14)
FN:281,(anonymous_15)
FN:293,(anonymous_16)
FN:307,(anonymous_17)
FN:320,(anonymous_18)
FN:337,(anonymous_19)
FN:348,(anonymous_20)
FN:352,(anonymous_21)
FN:364,(anonymous_22)
FN:368,(anonymous_23)
FN:379,(anonymous_24)
FNF:24
FNH:0
FNDA:0,(anonymous_1)
FNDA:0,(anonymous_2)
FNDA:0,(anonymous_3)
FNDA:0,(anonymous_4)
FNDA:0,(anonymous_5)
FNDA:0,(anonymous_6)
FNDA:0,(anonymous_7)
FNDA:0,(anonymous_8)
FNDA:0,(anonymous_9)
FNDA:0,(anonymous_10)
FNDA:0,(anonymous_11)
FNDA:0,(anonymous_12)
FNDA:0,(anonymous_13)
FNDA:0,(anonymous_14)
FNDA:0,(anonymous_15)
FNDA:0,(anonymous_16)
FNDA:0,(anonymous_17)
FNDA:0,(anonymous_18)
FNDA:0,(anonymous_19)
FNDA:0,(anonymous_20)
FNDA:0,(anonymous_21)
FNDA:0,(anonymous_22)
FNDA:0,(anonymous_23)
FNDA:0,(anonymous_24)
DA:12,0
DA:13,0
DA:14,0
DA:16,0
DA:27,0
DA:28,0
DA:33,0
DA:36,0
DA:37,0
DA:38,0
DA:39,0
DA:40,0
DA:43,0
DA:45,0
DA:47,0
DA:48,0
DA:49,0
DA:54,0
DA:55,0
DA:56,0
DA:58,0
DA:59,0
DA:60,0
DA:61,0
DA:68,0
DA:69,0
DA:70,0
DA:75,0
DA:77,0
DA:79,0
DA:80,0
DA:82,0
DA:83,0
DA:85,0
DA:86,0
DA:88,0
DA:89,0
DA:91,0
DA:94,0
DA:96,0
DA:97,0
DA:99,0
DA:100,0
DA:102,0
DA:103,0
DA:107,0
DA:110,0
DA:111,0
DA:116,0
DA:117,0
DA:119,0
DA:120,0
DA:123,0
DA:129,0
DA:133,0
DA:135,0
DA:138,0
DA:152,0
DA:154,0
DA:155,0
DA:158,0
DA:159,0
DA:166,0
DA:169,0
DA:173,0
DA:176,0
DA:257,0
DA:266,0
DA:281,0
DA:293,0
DA:307,0
DA:321,0
DA:322,0
DA:323,0
DA:337,0
DA:348,0
DA:352,0
DA:364,0
DA:368,0
DA:379,0
LF:80
LH:0
BRDA:38,0,0,0
BRDA:38,1,0,0
BRDA:38,1,1,0
BRDA:47,2,0,0
BRDA:55,3,0,0
BRDA:59,4,0,0
BRDA:69,5,0,0
BRDA:77,6,0,0
BRDA:77,6,1,0
BRDA:77,6,2,0
BRDA:77,6,3,0
BRDA:77,6,4,0
BRDA:77,6,5,0
BRDA:77,6,6,0
BRDA:77,6,7,0
BRDA:110,7,0,0
BRDA:119,8,0,0
BRDA:147,9,0,0
BRDA:147,9,1,0
BRDA:148,10,0,0
BRDA:148,10,1,0
BRDA:149,11,0,0
BRDA:149,11,1,0
BRDA:150,12,0,0
BRDA:150,12,1,0
BRDA:154,13,0,0
BRDA:158,14,0,0
BRDA:158,14,1,0
BRDA:158,15,0,0
BRDA:158,15,1,0
BRDA:265,16,0,0
BRDA:265,16,1,0
BRDA:268,17,0,0
BRDA:268,17,1,0
BRDA:280,18,0,0
BRDA:280,18,1,0
BRDA:283,19,0,0
BRDA:283,19,1,0
BRDA:292,20,0,0
BRDA:292,20,1,0
BRDA:295,21,0,0
BRDA:295,21,1,0
BRDA:306,22,0,0
BRDA:306,22,1,0
BRDA:309,23,0,0
BRDA:309,23,1,0
BRDA:319,24,0,0
BRDA:319,24,1,0
BRDA:326,25,0,0
BRDA:326,25,1,0
BRDA:336,26,0,0
BRDA:336,26,1,0
BRDA:339,27,0,0
BRDA:339,27,1,0
BRDA:347,28,0,0
BRDA:347,28,1,0
BRDA:355,29,0,0
BRDA:355,29,1,0
BRDA:363,30,0,0
BRDA:363,30,1,0
BRDA:371,31,0,0
BRDA:371,31,1,0
BRF:62
BRH:0
end_of_record
TN:
SF:src\components\employee-list\employee-list.ts
FN:9,(anonymous_1)
FN:143,(anonymous_2)
FN:145,(anonymous_3)
FN:149,(anonymous_4)
FN:154,(anonymous_5)
FN:161,(anonymous_6)
FN:162,(anonymous_7)
FN:163,(anonymous_8)
FN:169,(anonymous_9)
FN:175,(anonymous_10)
FN:179,(anonymous_11)
FN:184,(anonymous_12)
FN:192,(anonymous_13)
FN:197,(anonymous_14)
FN:201,(anonymous_15)
FN:221,(anonymous_16)
FN:227,(anonymous_17)
FN:241,(anonymous_18)
FN:255,(anonymous_19)
FN:261,(anonymous_20)
FN:275,(anonymous_21)
FN:286,(anonymous_22)
FN:290,(anonymous_23)
FN:298,(anonymous_24)
FN:304,(anonymous_25)
FN:315,(anonymous_26)
FN:320,(anonymous_27)
FN:324,(anonymous_28)
FN:325,(anonymous_29)
FN:328,(anonymous_30)
FN:336,(anonymous_31)
FN:344,(anonymous_32)
FN:349,(anonymous_33)
FN:350,(anonymous_34)
FNF:34
FNH:0
FNDA:0,(anonymous_1)
FNDA:0,(anonymous_2)
FNDA:0,(anonymous_3)
FNDA:0,(anonymous_4)
FNDA:0,(anonymous_5)
FNDA:0,(anonymous_6)
FNDA:0,(anonymous_7)
FNDA:0,(anonymous_8)
FNDA:0,(anonymous_9)
FNDA:0,(anonymous_10)
FNDA:0,(anonymous_11)
FNDA:0,(anonymous_12)
FNDA:0,(anonymous_13)
FNDA:0,(anonymous_14)
FNDA:0,(anonymous_15)
FNDA:0,(anonymous_16)
FNDA:0,(anonymous_17)
FNDA:0,(anonymous_18)
FNDA:0,(anonymous_19)
FNDA:0,(anonymous_20)
FNDA:0,(anonymous_21)
FNDA:0,(anonymous_22)
FNDA:0,(anonymous_23)
FNDA:0,(anonymous_24)
FNDA:0,(anonymous_25)
FNDA:0,(anonymous_26)
FNDA:0,(anonymous_27)
FNDA:0,(anonymous_28)
FNDA:0,(anonymous_29)
FNDA:0,(anonymous_30)
FNDA:0,(anonymous_31)
FNDA:0,(anonymous_32)
FNDA:0,(anonymous_33)
FNDA:0,(anonymous_34)
DA:9,0
DA:10,0
DA:11,0
DA:12,0
DA:13,0
DA:14,0
DA:15,0
DA:16,0
DA:18,0
DA:21,0
DA:144,0
DA:145,0
DA:146,0
DA:150,0
DA:151,0
DA:155,0
DA:156,0
DA:157,0
DA:158,0
DA:162,0
DA:163,0
DA:164,0
DA:170,0
DA:171,0
DA:172,0
DA:176,0
DA:180,0
DA:181,0
DA:185,0
DA:186,0
DA:187,0
DA:188,0
DA:193,0
DA:194,0
DA:198,0
DA:202,0
DA:203,0
DA:206,0
DA:208,0
DA:221,0
DA:227,0
DA:242,0
DA:255,0
DA:262,0
DA:275,0
DA:287,0
DA:290,0
DA:299,0
DA:304,0
DA:316,0
DA:320,0
DA:324,0
DA:325,0
DA:328,0
DA:336,0
DA:345,0
DA:347,0
DA:349,0
DA:350,0
LF:59
LH:0
BRDA:185,0,0,0
BRDA:202,1,0,0
BRDA:220,2,0,0
BRDA:220,2,1,0
BRDA:226,3,0,0
BRDA:226,3,1,0
BRDA:234,4,0,0
BRDA:234,4,1,0
BRDA:327,5,0,0
BRDA:327,5,1,0
BRDA:345,6,0,0
BRF:11
BRH:0
end_of_record
TN:
SF:src\components\nav-menu\nav-menu.spec.ts
FN:8,(anonymous_0)
FN:11,(anonymous_1)
FN:15,(anonymous_2)
FN:18,(anonymous_3)
FN:32,(anonymous_4)
FN:44,(anonymous_5)
FNF:6
FNH:0
FNDA:0,(anonymous_0)
FNDA:0,(anonymous_1)
FNDA:0,(anonymous_2)
FNDA:0,(anonymous_3)
FNDA:0,(anonymous_4)
FNDA:0,(anonymous_5)
DA:8,0
DA:11,0
DA:13,0
DA:14,0
DA:15,0
DA:17,0
DA:18,0
DA:22,0
DA:23,0
DA:32,0
DA:34,0
DA:37,0
DA:40,0
DA:41,0
DA:44,0
DA:46,0
DA:47,0
DA:49,0
LF:18
LH:0
BRDA:46,0,0,0
BRF:1
BRH:0
end_of_record
TN:
SF:src\components\nav-menu\nav-menu.ts
FN:10,(anonymous_1)
FN:15,(anonymous_2)
FN:19,(anonymous_3)
FN:31,(anonymous_4)
FN:36,(anonymous_5)
FN:96,(anonymous_6)
FNF:6
FNH:0
FNDA:0,(anonymous_1)
FNDA:0,(anonymous_2)
FNDA:0,(anonymous_3)
FNDA:0,(anonymous_4)
FNDA:0,(anonymous_5)
FNDA:0,(anonymous_6)
DA:10,0
DA:11,0
DA:16,0
DA:19,0
DA:20,0
DA:21,0
DA:22,0
DA:23,0
DA:28,0
DA:32,0
DA:33,0
DA:37,0
DA:38,0
DA:41,0
DA:44,0
DA:47,0
DA:50,0
DA:97,0
LF:18
LH:0
BRDA:21,0,0,0
BRF:1
BRH:0
end_of_record
TN:
SF:src\config\localization.ts
FN:8,(anonymous_0)
FNF:1
FNH:0
FNDA:0,(anonymous_0)
DA:5,0
DA:8,0
DA:11,0
LF:3
LH:0
BRF:0
BRH:0
end_of_record
TN:
SF:src\generated\locale-codes.ts
FNF:0
FNH:0
DA:7,0
DA:13,0
DA:20,0
LF:3
LH:0
BRF:0
BRH:0
end_of_record
TN:
SF:src\generated\locales\tr.ts
FNF:0
FNH:0
DA:11,0
LF:1
LH:0
BRF:0
BRH:0
end_of_record
TN:
SF:src\models\employee.model.ts
FNF:0
FNH:0
DA:1,0
DA:4,0
LF:2
LH:0
BRF:0
BRH:0
end_of_record
TN:
SF:src\store\actions.ts
FN:9,(anonymous_0)
FN:17,(anonymous_1)
FN:22,(anonymous_2)
FN:27,(anonymous_3)
FN:32,(anonymous_4)
FNF:5
FNH:0
FNDA:0,(anonymous_0)
FNDA:0,(anonymous_1)
FNDA:0,(anonymous_2)
FNDA:0,(anonymous_3)
FNDA:0,(anonymous_4)
DA:3,0
DA:4,0
DA:5,0
DA:6,0
DA:7,0
DA:9,0
DA:17,0
DA:22,0
DA:27,0
DA:32,0
LF:10
LH:0
BRF:0
BRH:0
end_of_record
TN:
SF:src\store\reducers.ts
FN:28,(anonymous_0)
FN:40,(anonymous_1)
FN:46,(anonymous_2)
FN:51,(anonymous_3)
FN:58,(anonymous_4)
FN:65,(anonymous_5)
FNF:6
FNH:0
FNDA:0,(anonymous_0)
FNDA:0,(anonymous_1)
FNDA:0,(anonymous_2)
FNDA:0,(anonymous_3)
FNDA:0,(anonymous_4)
FNDA:0,(anonymous_5)
DA:18,0
DA:25,0
DA:26,0
DA:28,0
DA:29,0
DA:36,0
DA:37,0
DA:40,0
DA:41,0
DA:43,0
DA:46,0
DA:47,0
DA:51,0
DA:54,0
DA:58,0
DA:59,0
DA:60,0
DA:62,0
DA:65,0
DA:66,0
DA:67,0
DA:68,0
DA:69,0
DA:70,0
DA:72,0
LF:25
LH:0
BRDA:21,0,0,0
BRDA:21,0,1,0
BRDA:26,1,0,0
BRDA:26,1,1,0
BRDA:28,2,0,0
BRDA:40,3,0,0
BRDA:41,4,0,0
BRDA:41,4,1,0
BRDA:41,4,2,0
BRDA:41,4,3,0
BRDA:47,5,0,0
BRDA:47,5,1,0
BRDA:58,6,0,0
BRDA:59,7,0,0
BRDA:65,8,0,0
BRDA:66,9,0,0
BRF:16
BRH:0
end_of_record
TN:
SF:src\store\store.ts
FN:11,(anonymous_0)
FNF:1
FNH:0
FNDA:0,(anonymous_0)
DA:4,0
DA:10,0
DA:11,0
LF:3
LH:0
BRF:0
BRH:0
end_of_record
TN:
SF:src\utils\validation.ts
FN:6,(anonymous_0)
FN:9,(anonymous_1)
FN:19,(anonymous_2)
FN:30,(anonymous_3)
FN:44,(anonymous_4)
FN:55,(anonymous_5)
FN:59,(anonymous_6)
FN:63,(anonymous_7)
FNF:8
FNH:0
FNDA:0,(anonymous_0)
FNDA:0,(anonymous_1)
FNDA:0,(anonymous_2)
FNDA:0,(anonymous_3)
FNDA:0,(anonymous_4)
FNDA:0,(anonymous_5)
FNDA:0,(anonymous_6)
FNDA:0,(anonymous_7)
DA:7,0
DA:10,0
DA:11,0
DA:16,0
DA:20,0
DA:21,0
DA:22,0
DA:27,0
DA:32,0
DA:33,0
DA:35,0
DA:36,0
DA:41,0
DA:45,0
DA:46,0
DA:47,0
DA:52,0
DA:56,0
DA:60,0
DA:64,0
LF:20
LH:0
BRDA:10,0,0,0
BRDA:10,1,0,0
BRDA:10,1,1,0
BRDA:21,2,0,0
BRDA:21,3,0,0
BRDA:21,3,1,0
BRDA:35,4,0,0
BRDA:35,5,0,0
BRDA:35,5,1,0
BRDA:46,6,0,0
BRDA:46,7,0,0
BRDA:46,7,1,0
BRF:12
BRH:0
end_of_record
